{"/home/j-nahas/Escritorio/Tesis/Repositorio/front-end/src/store/store-helpers.js": {"path":"/home/j-nahas/Escritorio/Tesis/Repositorio/front-end/src/store/store-helpers.js","statementMap":{"0":{"start":{"line":4,"column":2},"end":{"line":4,"column":55}},"1":{"start":{"line":5,"column":2},"end":{"line":5,"column":33}},"2":{"start":{"line":6,"column":2},"end":{"line":6,"column":35}},"3":{"start":{"line":7,"column":2},"end":{"line":7,"column":49}},"4":{"start":{"line":8,"column":2},"end":{"line":8,"column":31}},"5":{"start":{"line":10,"column":21},"end":{"line":10,"column":26}},"6":{"start":{"line":11,"column":2},"end":{"line":24,"column":3}},"7":{"start":{"line":13,"column":4},"end":{"line":18,"column":5}},"8":{"start":{"line":14,"column":6},"end":{"line":17,"column":7}},"9":{"start":{"line":15,"column":8},"end":{"line":15,"column":28}},"10":{"start":{"line":16,"column":8},"end":{"line":16,"column":14}},"11":{"start":{"line":19,"column":4},"end":{"line":19,"column":49}},"12":{"start":{"line":20,"column":4},"end":{"line":22,"column":5}},"13":{"start":{"line":21,"column":6},"end":{"line":21,"column":31}},"14":{"start":{"line":23,"column":4},"end":{"line":23,"column":51}},"15":{"start":{"line":25,"column":2},"end":{"line":25,"column":71}},"16":{"start":{"line":26,"column":2},"end":{"line":26,"column":23}},"17":{"start":{"line":31,"column":2},"end":{"line":31,"column":74}},"18":{"start":{"line":32,"column":2},"end":{"line":32,"column":44}},"19":{"start":{"line":33,"column":20},"end":{"line":33,"column":59}},"20":{"start":{"line":34,"column":2},"end":{"line":34,"column":45}},"21":{"start":{"line":37,"column":2},"end":{"line":43,"column":3}},"22":{"start":{"line":38,"column":4},"end":{"line":38,"column":23}},"23":{"start":{"line":42,"column":4},"end":{"line":42,"column":34}},"24":{"start":{"line":47,"column":2},"end":{"line":47,"column":51}},"25":{"start":{"line":48,"column":2},"end":{"line":48,"column":42}},"26":{"start":{"line":49,"column":2},"end":{"line":49,"column":42}},"27":{"start":{"line":50,"column":2},"end":{"line":50,"column":44}},"28":{"start":{"line":52,"column":20},"end":{"line":52,"column":30}},"29":{"start":{"line":53,"column":2},"end":{"line":53,"column":46}},"30":{"start":{"line":55,"column":28},"end":{"line":55,"column":30}},"31":{"start":{"line":57,"column":2},"end":{"line":63,"column":3}},"32":{"start":{"line":59,"column":4},"end":{"line":62,"column":5}},"33":{"start":{"line":60,"column":6},"end":{"line":60,"column":49}},"34":{"start":{"line":61,"column":6},"end":{"line":61,"column":82}},"35":{"start":{"line":64,"column":2},"end":{"line":64,"column":31}}},"fnMap":{"0":{"name":"addElementToFilteredOnes","decl":{"start":{"line":3,"column":16},"end":{"line":3,"column":40}},"loc":{"start":{"line":3,"column":77},"end":{"line":27,"column":1}},"line":3},"1":{"name":"getPagesNeeded","decl":{"start":{"line":29,"column":16},"end":{"line":29,"column":30}},"loc":{"start":{"line":29,"column":64},"end":{"line":44,"column":1}},"line":29},"2":{"name":"getElementsToShowInTable","decl":{"start":{"line":46,"column":16},"end":{"line":46,"column":40}},"loc":{"start":{"line":46,"column":77},"end":{"line":65,"column":1}},"line":46}},"branchMap":{"0":{"loc":{"start":{"line":11,"column":2},"end":{"line":24,"column":3}},"type":"if","locations":[{"start":{"line":11,"column":2},"end":{"line":24,"column":3}},{"start":{"line":11,"column":2},"end":{"line":24,"column":3}}],"line":11},"1":{"loc":{"start":{"line":14,"column":6},"end":{"line":17,"column":7}},"type":"if","locations":[{"start":{"line":14,"column":6},"end":{"line":17,"column":7}},{"start":{"line":14,"column":6},"end":{"line":17,"column":7}}],"line":14},"2":{"loc":{"start":{"line":20,"column":4},"end":{"line":22,"column":5}},"type":"if","locations":[{"start":{"line":20,"column":4},"end":{"line":22,"column":5}},{"start":{"line":20,"column":4},"end":{"line":22,"column":5}}],"line":20},"3":{"loc":{"start":{"line":37,"column":2},"end":{"line":43,"column":3}},"type":"if","locations":[{"start":{"line":37,"column":2},"end":{"line":43,"column":3}},{"start":{"line":37,"column":2},"end":{"line":43,"column":3}}],"line":37},"4":{"loc":{"start":{"line":59,"column":4},"end":{"line":62,"column":5}},"type":"if","locations":[{"start":{"line":59,"column":4},"end":{"line":62,"column":5}},{"start":{"line":59,"column":4},"end":{"line":62,"column":5}}],"line":59}},"s":{"0":0,"1":0,"2":0,"3":0,"4":0,"5":0,"6":0,"7":0,"8":0,"9":0,"10":0,"11":0,"12":0,"13":0,"14":0,"15":0,"16":4,"17":8,"18":8,"19":8,"20":7,"21":5,"22":7,"23":5,"24":8,"25":8,"26":8,"27":8,"28":12,"29":10,"30":10,"31":8,"32":8,"33":6,"34":6,"35":4},"f":{"0":0,"1":8,"2":8},"b":{"0":[0,0],"1":[0,0],"2":[0,0],"3":[6,2],"4":[12,4]},"_coverageSchema":"332fd63041d2c1bcb487cc26dd0d5f7d97098a6c","hash":"7a714ce518eaeb391b9beffe42a02efe882800f1"}
,"/home/j-nahas/Escritorio/Tesis/Repositorio/front-end/src/store/store.js": {"path":"/home/j-nahas/Escritorio/Tesis/Repositorio/front-end/src/store/store.js","statementMap":{"0":{"start":{"line":7,"column":0},"end":{"line":7,"column":14}},"1":{"start":{"line":9,"column":21},"end":{"line":1820,"column":2}},"2":{"start":{"line":317,"column":6},"end":{"line":317,"column":36}},"3":{"start":{"line":329,"column":6},"end":{"line":332,"column":8}},"4":{"start":{"line":330,"column":8},"end":{"line":330,"column":26}},"5":{"start":{"line":339,"column":6},"end":{"line":339,"column":50}},"6":{"start":{"line":341,"column":6},"end":{"line":341,"column":41}},"7":{"start":{"line":345,"column":6},"end":{"line":345,"column":39}},"8":{"start":{"line":346,"column":6},"end":{"line":346,"column":41}},"9":{"start":{"line":347,"column":6},"end":{"line":347,"column":40}},"10":{"start":{"line":348,"column":6},"end":{"line":348,"column":41}},"11":{"start":{"line":349,"column":6},"end":{"line":349,"column":39}},"12":{"start":{"line":350,"column":6},"end":{"line":350,"column":36}},"13":{"start":{"line":354,"column":6},"end":{"line":354,"column":51}},"14":{"start":{"line":355,"column":6},"end":{"line":355,"column":37}},"15":{"start":{"line":359,"column":6},"end":{"line":359,"column":55}},"16":{"start":{"line":360,"column":6},"end":{"line":360,"column":40}},"17":{"start":{"line":361,"column":6},"end":{"line":361,"column":40}},"18":{"start":{"line":362,"column":6},"end":{"line":362,"column":40}},"19":{"start":{"line":363,"column":6},"end":{"line":363,"column":41}},"20":{"start":{"line":364,"column":6},"end":{"line":364,"column":39}},"21":{"start":{"line":365,"column":6},"end":{"line":365,"column":36}},"22":{"start":{"line":370,"column":6},"end":{"line":370,"column":40}},"23":{"start":{"line":371,"column":6},"end":{"line":371,"column":41}},"24":{"start":{"line":372,"column":6},"end":{"line":372,"column":39}},"25":{"start":{"line":373,"column":6},"end":{"line":373,"column":41}},"26":{"start":{"line":374,"column":6},"end":{"line":374,"column":39}},"27":{"start":{"line":375,"column":6},"end":{"line":375,"column":36}},"28":{"start":{"line":379,"column":6},"end":{"line":379,"column":40}},"29":{"start":{"line":380,"column":6},"end":{"line":380,"column":41}},"30":{"start":{"line":381,"column":6},"end":{"line":381,"column":40}},"31":{"start":{"line":382,"column":6},"end":{"line":382,"column":40}},"32":{"start":{"line":383,"column":6},"end":{"line":383,"column":39}},"33":{"start":{"line":384,"column":6},"end":{"line":384,"column":36}},"34":{"start":{"line":388,"column":6},"end":{"line":388,"column":40}},"35":{"start":{"line":389,"column":6},"end":{"line":389,"column":41}},"36":{"start":{"line":390,"column":6},"end":{"line":390,"column":40}},"37":{"start":{"line":391,"column":6},"end":{"line":391,"column":41}},"38":{"start":{"line":392,"column":6},"end":{"line":392,"column":38}},"39":{"start":{"line":393,"column":6},"end":{"line":393,"column":36}},"40":{"start":{"line":397,"column":6},"end":{"line":397,"column":40}},"41":{"start":{"line":398,"column":6},"end":{"line":398,"column":41}},"42":{"start":{"line":399,"column":6},"end":{"line":399,"column":40}},"43":{"start":{"line":400,"column":6},"end":{"line":400,"column":41}},"44":{"start":{"line":401,"column":6},"end":{"line":401,"column":39}},"45":{"start":{"line":402,"column":6},"end":{"line":402,"column":35}},"46":{"start":{"line":410,"column":6},"end":{"line":410,"column":73}},"47":{"start":{"line":411,"column":6},"end":{"line":411,"column":62}},"48":{"start":{"line":412,"column":6},"end":{"line":412,"column":78}},"49":{"start":{"line":413,"column":6},"end":{"line":413,"column":81}},"50":{"start":{"line":417,"column":6},"end":{"line":417,"column":69}},"51":{"start":{"line":418,"column":6},"end":{"line":418,"column":52}},"52":{"start":{"line":422,"column":6},"end":{"line":422,"column":70}},"53":{"start":{"line":423,"column":6},"end":{"line":423,"column":54}},"54":{"start":{"line":427,"column":6},"end":{"line":427,"column":64}},"55":{"start":{"line":428,"column":6},"end":{"line":428,"column":111}},"56":{"start":{"line":432,"column":6},"end":{"line":432,"column":60}},"57":{"start":{"line":433,"column":6},"end":{"line":433,"column":99}},"58":{"start":{"line":437,"column":6},"end":{"line":437,"column":61}},"59":{"start":{"line":438,"column":6},"end":{"line":438,"column":102}},"60":{"start":{"line":442,"column":6},"end":{"line":442,"column":59}},"61":{"start":{"line":443,"column":6},"end":{"line":443,"column":121}},"62":{"start":{"line":444,"column":6},"end":{"line":444,"column":62}},"63":{"start":{"line":448,"column":6},"end":{"line":448,"column":60}},"64":{"start":{"line":449,"column":6},"end":{"line":449,"column":124}},"65":{"start":{"line":450,"column":6},"end":{"line":450,"column":64}},"66":{"start":{"line":454,"column":6},"end":{"line":454,"column":63}},"67":{"start":{"line":455,"column":6},"end":{"line":455,"column":133}},"68":{"start":{"line":456,"column":6},"end":{"line":456,"column":70}},"69":{"start":{"line":460,"column":6},"end":{"line":460,"column":34}},"70":{"start":{"line":464,"column":6},"end":{"line":464,"column":29}},"71":{"start":{"line":468,"column":6},"end":{"line":468,"column":29}},"72":{"start":{"line":477,"column":4},"end":{"line":477,"column":54}},"73":{"start":{"line":478,"column":4},"end":{"line":478,"column":32}},"74":{"start":{"line":482,"column":6},"end":{"line":482,"column":58}},"75":{"start":{"line":484,"column":6},"end":{"line":484,"column":65}},"76":{"start":{"line":485,"column":6},"end":{"line":485,"column":35}},"77":{"start":{"line":488,"column":6},"end":{"line":492,"column":7}},"78":{"start":{"line":489,"column":8},"end":{"line":489,"column":79}},"79":{"start":{"line":491,"column":8},"end":{"line":491,"column":42}},"80":{"start":{"line":493,"column":6},"end":{"line":493,"column":65}},"81":{"start":{"line":494,"column":6},"end":{"line":494,"column":35}},"82":{"start":{"line":498,"column":6},"end":{"line":498,"column":35}},"83":{"start":{"line":499,"column":6},"end":{"line":499,"column":42}},"84":{"start":{"line":503,"column":6},"end":{"line":503,"column":63}},"85":{"start":{"line":504,"column":6},"end":{"line":504,"column":66}},"86":{"start":{"line":505,"column":6},"end":{"line":505,"column":42}},"87":{"start":{"line":506,"column":6},"end":{"line":506,"column":66}},"88":{"start":{"line":511,"column":6},"end":{"line":511,"column":56}},"89":{"start":{"line":512,"column":6},"end":{"line":512,"column":39}},"90":{"start":{"line":517,"column":6},"end":{"line":517,"column":58}},"91":{"start":{"line":519,"column":6},"end":{"line":519,"column":39}},"92":{"start":{"line":520,"column":6},"end":{"line":520,"column":57}},"93":{"start":{"line":522,"column":33},"end":{"line":522,"column":35}},"94":{"start":{"line":525,"column":6},"end":{"line":570,"column":7}},"95":{"start":{"line":528,"column":30},"end":{"line":528,"column":58}},"96":{"start":{"line":530,"column":8},"end":{"line":559,"column":9}},"97":{"start":{"line":533,"column":30},"end":{"line":533,"column":59}},"98":{"start":{"line":534,"column":10},"end":{"line":534,"column":141}},"99":{"start":{"line":542,"column":10},"end":{"line":557,"column":11}},"100":{"start":{"line":543,"column":12},"end":{"line":543,"column":43}},"101":{"start":{"line":544,"column":12},"end":{"line":544,"column":143}},"102":{"start":{"line":547,"column":12},"end":{"line":547,"column":86}},"103":{"start":{"line":548,"column":12},"end":{"line":548,"column":143}},"104":{"start":{"line":551,"column":12},"end":{"line":551,"column":83}},"105":{"start":{"line":552,"column":12},"end":{"line":552,"column":143}},"106":{"start":{"line":555,"column":12},"end":{"line":555,"column":87}},"107":{"start":{"line":556,"column":12},"end":{"line":556,"column":143}},"108":{"start":{"line":561,"column":8},"end":{"line":565,"column":9}},"109":{"start":{"line":562,"column":10},"end":{"line":562,"column":55}},"110":{"start":{"line":564,"column":10},"end":{"line":564,"column":37}},"111":{"start":{"line":569,"column":8},"end":{"line":569,"column":54}},"112":{"start":{"line":574,"column":6},"end":{"line":574,"column":55}},"113":{"start":{"line":576,"column":6},"end":{"line":576,"column":40}},"114":{"start":{"line":577,"column":6},"end":{"line":577,"column":59}},"115":{"start":{"line":579,"column":33},"end":{"line":579,"column":35}},"116":{"start":{"line":582,"column":6},"end":{"line":617,"column":7}},"117":{"start":{"line":585,"column":31},"end":{"line":585,"column":60}},"118":{"start":{"line":587,"column":8},"end":{"line":606,"column":9}},"119":{"start":{"line":590,"column":30},"end":{"line":590,"column":60}},"120":{"start":{"line":591,"column":10},"end":{"line":591,"column":143}},"121":{"start":{"line":594,"column":10},"end":{"line":594,"column":59}},"122":{"start":{"line":595,"column":10},"end":{"line":595,"column":143}},"123":{"start":{"line":598,"column":10},"end":{"line":598,"column":64}},"124":{"start":{"line":599,"column":10},"end":{"line":599,"column":143}},"125":{"start":{"line":603,"column":10},"end":{"line":603,"column":64}},"126":{"start":{"line":604,"column":10},"end":{"line":604,"column":143}},"127":{"start":{"line":608,"column":8},"end":{"line":612,"column":9}},"128":{"start":{"line":609,"column":10},"end":{"line":609,"column":56}},"129":{"start":{"line":611,"column":10},"end":{"line":611,"column":38}},"130":{"start":{"line":616,"column":8},"end":{"line":616,"column":56}},"131":{"start":{"line":621,"column":6},"end":{"line":621,"column":57}},"132":{"start":{"line":623,"column":6},"end":{"line":623,"column":43}},"133":{"start":{"line":624,"column":6},"end":{"line":624,"column":65}},"134":{"start":{"line":626,"column":36},"end":{"line":626,"column":38}},"135":{"start":{"line":629,"column":6},"end":{"line":650,"column":7}},"136":{"start":{"line":632,"column":34},"end":{"line":632,"column":68}},"137":{"start":{"line":634,"column":8},"end":{"line":639,"column":9}},"138":{"start":{"line":637,"column":30},"end":{"line":637,"column":65}},"139":{"start":{"line":638,"column":10},"end":{"line":638,"column":157}},"140":{"start":{"line":641,"column":8},"end":{"line":645,"column":9}},"141":{"start":{"line":642,"column":10},"end":{"line":642,"column":62}},"142":{"start":{"line":644,"column":10},"end":{"line":644,"column":41}},"143":{"start":{"line":649,"column":8},"end":{"line":649,"column":64}},"144":{"start":{"line":655,"column":6},"end":{"line":655,"column":42}},"145":{"start":{"line":659,"column":6},"end":{"line":659,"column":39}},"146":{"start":{"line":663,"column":6},"end":{"line":663,"column":38}},"147":{"start":{"line":667,"column":6},"end":{"line":667,"column":40}},"148":{"start":{"line":670,"column":6},"end":{"line":670,"column":41}},"149":{"start":{"line":674,"column":8},"end":{"line":674,"column":47}},"150":{"start":{"line":675,"column":8},"end":{"line":675,"column":44}},"151":{"start":{"line":679,"column":8},"end":{"line":679,"column":45}},"152":{"start":{"line":680,"column":8},"end":{"line":680,"column":41}},"153":{"start":{"line":681,"column":8},"end":{"line":681,"column":78}},"154":{"start":{"line":682,"column":8},"end":{"line":682,"column":35}},"155":{"start":{"line":683,"column":8},"end":{"line":683,"column":35}},"156":{"start":{"line":687,"column":8},"end":{"line":687,"column":40}},"157":{"start":{"line":689,"column":8},"end":{"line":689,"column":45}},"158":{"start":{"line":690,"column":8},"end":{"line":690,"column":40}},"159":{"start":{"line":693,"column":8},"end":{"line":713,"column":9}},"160":{"start":{"line":696,"column":10},"end":{"line":696,"column":43}},"161":{"start":{"line":697,"column":10},"end":{"line":697,"column":51}},"162":{"start":{"line":699,"column":10},"end":{"line":699,"column":59}},"163":{"start":{"line":701,"column":10},"end":{"line":701,"column":45}},"164":{"start":{"line":702,"column":10},"end":{"line":702,"column":46}},"165":{"start":{"line":703,"column":15},"end":{"line":713,"column":9}},"166":{"start":{"line":707,"column":10},"end":{"line":707,"column":37}},"167":{"start":{"line":708,"column":10},"end":{"line":708,"column":109}},"168":{"start":{"line":711,"column":10},"end":{"line":711,"column":46}},"169":{"start":{"line":712,"column":10},"end":{"line":712,"column":109}},"170":{"start":{"line":715,"column":8},"end":{"line":715,"column":35}},"171":{"start":{"line":716,"column":8},"end":{"line":716,"column":35}},"172":{"start":{"line":721,"column":6},"end":{"line":721,"column":36}},"173":{"start":{"line":725,"column":6},"end":{"line":725,"column":37}},"174":{"start":{"line":729,"column":6},"end":{"line":729,"column":72}},"175":{"start":{"line":730,"column":6},"end":{"line":733,"column":9}},"176":{"start":{"line":737,"column":6},"end":{"line":737,"column":58}},"177":{"start":{"line":741,"column":6},"end":{"line":741,"column":53}},"178":{"start":{"line":742,"column":18},"end":{"line":742,"column":20}},"179":{"start":{"line":743,"column":23},"end":{"line":743,"column":25}},"180":{"start":{"line":745,"column":6},"end":{"line":745,"column":51}},"181":{"start":{"line":746,"column":6},"end":{"line":746,"column":57}},"182":{"start":{"line":747,"column":6},"end":{"line":747,"column":59}},"183":{"start":{"line":748,"column":6},"end":{"line":748,"column":45}},"184":{"start":{"line":749,"column":6},"end":{"line":749,"column":63}},"185":{"start":{"line":750,"column":6},"end":{"line":750,"column":41}},"186":{"start":{"line":752,"column":6},"end":{"line":752,"column":51}},"187":{"start":{"line":753,"column":6},"end":{"line":753,"column":41}},"188":{"start":{"line":755,"column":8},"end":{"line":755,"column":32}},"189":{"start":{"line":757,"column":6},"end":{"line":757,"column":42}},"190":{"start":{"line":762,"column":8},"end":{"line":762,"column":40}},"191":{"start":{"line":764,"column":8},"end":{"line":764,"column":45}},"192":{"start":{"line":765,"column":8},"end":{"line":765,"column":40}},"193":{"start":{"line":768,"column":8},"end":{"line":790,"column":7}},"194":{"start":{"line":771,"column":8},"end":{"line":771,"column":41}},"195":{"start":{"line":772,"column":8},"end":{"line":772,"column":49}},"196":{"start":{"line":774,"column":8},"end":{"line":774,"column":57}},"197":{"start":{"line":776,"column":8},"end":{"line":776,"column":43}},"198":{"start":{"line":777,"column":8},"end":{"line":777,"column":44}},"199":{"start":{"line":779,"column":13},"end":{"line":790,"column":7}},"200":{"start":{"line":783,"column":8},"end":{"line":783,"column":35}},"201":{"start":{"line":784,"column":8},"end":{"line":784,"column":109}},"202":{"start":{"line":788,"column":8},"end":{"line":788,"column":44}},"203":{"start":{"line":789,"column":8},"end":{"line":789,"column":109}},"204":{"start":{"line":792,"column":6},"end":{"line":792,"column":33}},"205":{"start":{"line":798,"column":8},"end":{"line":798,"column":61}},"206":{"start":{"line":799,"column":8},"end":{"line":799,"column":45}},"207":{"start":{"line":800,"column":8},"end":{"line":800,"column":41}},"208":{"start":{"line":801,"column":8},"end":{"line":801,"column":80}},"209":{"start":{"line":802,"column":8},"end":{"line":802,"column":35}},"210":{"start":{"line":806,"column":6},"end":{"line":806,"column":53}},"211":{"start":{"line":807,"column":6},"end":{"line":807,"column":91}},"212":{"start":{"line":808,"column":6},"end":{"line":808,"column":70}},"213":{"start":{"line":809,"column":6},"end":{"line":809,"column":69}},"214":{"start":{"line":810,"column":6},"end":{"line":810,"column":73}},"215":{"start":{"line":811,"column":6},"end":{"line":811,"column":67}},"216":{"start":{"line":812,"column":6},"end":{"line":812,"column":75}},"217":{"start":{"line":814,"column":18},"end":{"line":814,"column":20}},"218":{"start":{"line":815,"column":23},"end":{"line":815,"column":25}},"219":{"start":{"line":817,"column":6},"end":{"line":817,"column":51}},"220":{"start":{"line":818,"column":6},"end":{"line":818,"column":57}},"221":{"start":{"line":819,"column":6},"end":{"line":819,"column":59}},"222":{"start":{"line":820,"column":6},"end":{"line":820,"column":45}},"223":{"start":{"line":821,"column":6},"end":{"line":821,"column":63}},"224":{"start":{"line":822,"column":6},"end":{"line":822,"column":41}},"225":{"start":{"line":824,"column":6},"end":{"line":824,"column":51}},"226":{"start":{"line":825,"column":6},"end":{"line":825,"column":41}},"227":{"start":{"line":827,"column":6},"end":{"line":827,"column":42}},"228":{"start":{"line":829,"column":6},"end":{"line":881,"column":11}},"229":{"start":{"line":834,"column":10},"end":{"line":834,"column":29}},"230":{"start":{"line":835,"column":10},"end":{"line":835,"column":48}},"231":{"start":{"line":836,"column":10},"end":{"line":836,"column":52}},"232":{"start":{"line":837,"column":10},"end":{"line":837,"column":60}},"233":{"start":{"line":838,"column":10},"end":{"line":838,"column":54}},"234":{"start":{"line":839,"column":10},"end":{"line":839,"column":52}},"235":{"start":{"line":841,"column":10},"end":{"line":841,"column":47}},"236":{"start":{"line":842,"column":10},"end":{"line":842,"column":43}},"237":{"start":{"line":843,"column":10},"end":{"line":843,"column":82}},"238":{"start":{"line":844,"column":10},"end":{"line":844,"column":37}},"239":{"start":{"line":849,"column":10},"end":{"line":849,"column":42}},"240":{"start":{"line":851,"column":10},"end":{"line":851,"column":47}},"241":{"start":{"line":852,"column":10},"end":{"line":852,"column":42}},"242":{"start":{"line":855,"column":10},"end":{"line":877,"column":11}},"243":{"start":{"line":858,"column":12},"end":{"line":858,"column":45}},"244":{"start":{"line":859,"column":12},"end":{"line":859,"column":53}},"245":{"start":{"line":861,"column":12},"end":{"line":861,"column":61}},"246":{"start":{"line":863,"column":12},"end":{"line":863,"column":47}},"247":{"start":{"line":864,"column":12},"end":{"line":864,"column":48}},"248":{"start":{"line":866,"column":17},"end":{"line":877,"column":11}},"249":{"start":{"line":870,"column":12},"end":{"line":870,"column":39}},"250":{"start":{"line":871,"column":12},"end":{"line":871,"column":113}},"251":{"start":{"line":875,"column":12},"end":{"line":875,"column":48}},"252":{"start":{"line":876,"column":12},"end":{"line":876,"column":113}},"253":{"start":{"line":879,"column":10},"end":{"line":879,"column":37}},"254":{"start":{"line":887,"column":6},"end":{"line":887,"column":45}},"255":{"start":{"line":888,"column":6},"end":{"line":888,"column":31}},"256":{"start":{"line":889,"column":6},"end":{"line":894,"column":7}},"257":{"start":{"line":890,"column":8},"end":{"line":890,"column":37}},"258":{"start":{"line":891,"column":8},"end":{"line":891,"column":29}},"259":{"start":{"line":893,"column":8},"end":{"line":893,"column":30}},"260":{"start":{"line":898,"column":6},"end":{"line":898,"column":52}},"261":{"start":{"line":900,"column":6},"end":{"line":900,"column":34}},"262":{"start":{"line":902,"column":6},"end":{"line":902,"column":91}},"263":{"start":{"line":903,"column":6},"end":{"line":903,"column":55}},"264":{"start":{"line":904,"column":6},"end":{"line":904,"column":87}},"265":{"start":{"line":905,"column":6},"end":{"line":905,"column":49}},"266":{"start":{"line":907,"column":6},"end":{"line":907,"column":59}},"267":{"start":{"line":908,"column":6},"end":{"line":908,"column":54}},"268":{"start":{"line":910,"column":6},"end":{"line":910,"column":91}},"269":{"start":{"line":911,"column":6},"end":{"line":911,"column":87}},"270":{"start":{"line":915,"column":6},"end":{"line":915,"column":56}},"271":{"start":{"line":916,"column":6},"end":{"line":916,"column":91}},"272":{"start":{"line":917,"column":6},"end":{"line":917,"column":70}},"273":{"start":{"line":918,"column":6},"end":{"line":918,"column":69}},"274":{"start":{"line":919,"column":6},"end":{"line":919,"column":73}},"275":{"start":{"line":920,"column":6},"end":{"line":920,"column":67}},"276":{"start":{"line":921,"column":6},"end":{"line":921,"column":75}},"277":{"start":{"line":928,"column":6},"end":{"line":928,"column":50}},"278":{"start":{"line":929,"column":6},"end":{"line":929,"column":44}},"279":{"start":{"line":930,"column":6},"end":{"line":930,"column":39}},"280":{"start":{"line":931,"column":6},"end":{"line":931,"column":44}},"281":{"start":{"line":935,"column":6},"end":{"line":935,"column":51}},"282":{"start":{"line":936,"column":6},"end":{"line":936,"column":44}},"283":{"start":{"line":937,"column":6},"end":{"line":937,"column":38}},"284":{"start":{"line":942,"column":6},"end":{"line":942,"column":38}},"285":{"start":{"line":946,"column":6},"end":{"line":946,"column":46}},"286":{"start":{"line":947,"column":6},"end":{"line":947,"column":59}},"287":{"start":{"line":948,"column":6},"end":{"line":948,"column":46}},"288":{"start":{"line":949,"column":6},"end":{"line":949,"column":36}},"289":{"start":{"line":950,"column":6},"end":{"line":950,"column":83}},"290":{"start":{"line":951,"column":6},"end":{"line":951,"column":59}},"291":{"start":{"line":955,"column":6},"end":{"line":955,"column":50}},"292":{"start":{"line":956,"column":6},"end":{"line":956,"column":30}},"293":{"start":{"line":957,"column":6},"end":{"line":957,"column":47}},"294":{"start":{"line":958,"column":6},"end":{"line":958,"column":55}},"295":{"start":{"line":964,"column":6},"end":{"line":964,"column":61}},"296":{"start":{"line":966,"column":16},"end":{"line":966,"column":71}},"297":{"start":{"line":967,"column":6},"end":{"line":986,"column":9}},"298":{"start":{"line":991,"column":16},"end":{"line":991,"column":73}},"299":{"start":{"line":992,"column":6},"end":{"line":1010,"column":9}},"300":{"start":{"line":1014,"column":16},"end":{"line":1014,"column":68}},"301":{"start":{"line":1015,"column":6},"end":{"line":1052,"column":9}},"302":{"start":{"line":1083,"column":6},"end":{"line":1083,"column":58}},"303":{"start":{"line":1085,"column":6},"end":{"line":1085,"column":44}},"304":{"start":{"line":1086,"column":6},"end":{"line":1086,"column":43}},"305":{"start":{"line":1087,"column":20},"end":{"line":1087,"column":33}},"306":{"start":{"line":1088,"column":6},"end":{"line":1088,"column":56}},"307":{"start":{"line":1090,"column":6},"end":{"line":1090,"column":33}},"308":{"start":{"line":1092,"column":6},"end":{"line":1095,"column":7}},"309":{"start":{"line":1093,"column":8},"end":{"line":1093,"column":47}},"310":{"start":{"line":1094,"column":8},"end":{"line":1094,"column":62}},"311":{"start":{"line":1121,"column":6},"end":{"line":1151,"column":7}},"312":{"start":{"line":1123,"column":8},"end":{"line":1139,"column":9}},"313":{"start":{"line":1125,"column":10},"end":{"line":1138,"column":12}},"314":{"start":{"line":1127,"column":12},"end":{"line":1127,"column":50}},"315":{"start":{"line":1128,"column":12},"end":{"line":1128,"column":49}},"316":{"start":{"line":1129,"column":30},"end":{"line":1129,"column":43}},"317":{"start":{"line":1130,"column":12},"end":{"line":1130,"column":69}},"318":{"start":{"line":1135,"column":12},"end":{"line":1135,"column":49}},"319":{"start":{"line":1136,"column":12},"end":{"line":1136,"column":31}},"320":{"start":{"line":1142,"column":8},"end":{"line":1150,"column":9}},"321":{"start":{"line":1145,"column":10},"end":{"line":1149,"column":11}},"322":{"start":{"line":1156,"column":6},"end":{"line":1156,"column":58}},"323":{"start":{"line":1157,"column":6},"end":{"line":1157,"column":42}},"324":{"start":{"line":1161,"column":6},"end":{"line":1161,"column":55}},"325":{"start":{"line":1162,"column":6},"end":{"line":1162,"column":43}},"326":{"start":{"line":1166,"column":6},"end":{"line":1166,"column":44}},"327":{"start":{"line":1168,"column":6},"end":{"line":1168,"column":59}},"328":{"start":{"line":1169,"column":6},"end":{"line":1169,"column":89}},"329":{"start":{"line":1171,"column":6},"end":{"line":1171,"column":39}},"330":{"start":{"line":1173,"column":6},"end":{"line":1176,"column":7}},"331":{"start":{"line":1174,"column":8},"end":{"line":1174,"column":82}},"332":{"start":{"line":1175,"column":8},"end":{"line":1175,"column":68}},"333":{"start":{"line":1177,"column":6},"end":{"line":1177,"column":64}},"334":{"start":{"line":1182,"column":6},"end":{"line":1202,"column":7}},"335":{"start":{"line":1185,"column":8},"end":{"line":1185,"column":41}},"336":{"start":{"line":1186,"column":8},"end":{"line":1186,"column":49}},"337":{"start":{"line":1188,"column":8},"end":{"line":1188,"column":57}},"338":{"start":{"line":1190,"column":8},"end":{"line":1190,"column":43}},"339":{"start":{"line":1191,"column":8},"end":{"line":1191,"column":44}},"340":{"start":{"line":1192,"column":13},"end":{"line":1202,"column":7}},"341":{"start":{"line":1196,"column":8},"end":{"line":1196,"column":35}},"342":{"start":{"line":1197,"column":8},"end":{"line":1197,"column":107}},"343":{"start":{"line":1200,"column":8},"end":{"line":1200,"column":44}},"344":{"start":{"line":1201,"column":8},"end":{"line":1201,"column":107}},"345":{"start":{"line":1207,"column":6},"end":{"line":1227,"column":7}},"346":{"start":{"line":1210,"column":8},"end":{"line":1210,"column":41}},"347":{"start":{"line":1211,"column":8},"end":{"line":1211,"column":49}},"348":{"start":{"line":1213,"column":8},"end":{"line":1213,"column":57}},"349":{"start":{"line":1215,"column":8},"end":{"line":1215,"column":43}},"350":{"start":{"line":1216,"column":8},"end":{"line":1216,"column":44}},"351":{"start":{"line":1217,"column":13},"end":{"line":1227,"column":7}},"352":{"start":{"line":1221,"column":8},"end":{"line":1221,"column":35}},"353":{"start":{"line":1222,"column":8},"end":{"line":1222,"column":107}},"354":{"start":{"line":1225,"column":8},"end":{"line":1225,"column":44}},"355":{"start":{"line":1226,"column":8},"end":{"line":1226,"column":107}},"356":{"start":{"line":1232,"column":6},"end":{"line":1232,"column":55}},"357":{"start":{"line":1233,"column":6},"end":{"line":1233,"column":61}},"358":{"start":{"line":1234,"column":6},"end":{"line":1234,"column":77}},"359":{"start":{"line":1238,"column":6},"end":{"line":1238,"column":59}},"360":{"start":{"line":1239,"column":6},"end":{"line":1239,"column":60}},"361":{"start":{"line":1240,"column":6},"end":{"line":1240,"column":76}},"362":{"start":{"line":1244,"column":6},"end":{"line":1244,"column":64}},"363":{"start":{"line":1245,"column":6},"end":{"line":1245,"column":56}},"364":{"start":{"line":1246,"column":6},"end":{"line":1246,"column":72}},"365":{"start":{"line":1250,"column":6},"end":{"line":1250,"column":58}},"366":{"start":{"line":1251,"column":6},"end":{"line":1251,"column":64}},"367":{"start":{"line":1252,"column":6},"end":{"line":1252,"column":80}},"368":{"start":{"line":1256,"column":6},"end":{"line":1256,"column":50}},"369":{"start":{"line":1258,"column":22},"end":{"line":1258,"column":24}},"370":{"start":{"line":1259,"column":19},"end":{"line":1259,"column":42}},"371":{"start":{"line":1261,"column":6},"end":{"line":1261,"column":58}},"372":{"start":{"line":1262,"column":6},"end":{"line":1262,"column":48}},"373":{"start":{"line":1263,"column":6},"end":{"line":1263,"column":32}},"374":{"start":{"line":1265,"column":6},"end":{"line":1265,"column":51}},"375":{"start":{"line":1266,"column":6},"end":{"line":1266,"column":59}},"376":{"start":{"line":1268,"column":6},"end":{"line":1286,"column":7}},"377":{"start":{"line":1271,"column":8},"end":{"line":1285,"column":9}},"378":{"start":{"line":1272,"column":10},"end":{"line":1272,"column":82}},"379":{"start":{"line":1275,"column":10},"end":{"line":1284,"column":11}},"380":{"start":{"line":1276,"column":12},"end":{"line":1276,"column":125}},"381":{"start":{"line":1277,"column":12},"end":{"line":1277,"column":87}},"382":{"start":{"line":1280,"column":12},"end":{"line":1280,"column":86}},"383":{"start":{"line":1281,"column":12},"end":{"line":1281,"column":97}},"384":{"start":{"line":1282,"column":12},"end":{"line":1282,"column":93}},"385":{"start":{"line":1283,"column":12},"end":{"line":1283,"column":79}},"386":{"start":{"line":1288,"column":6},"end":{"line":1288,"column":68}},"387":{"start":{"line":1289,"column":6},"end":{"line":1289,"column":33}},"388":{"start":{"line":1291,"column":6},"end":{"line":1291,"column":83}},"389":{"start":{"line":1292,"column":6},"end":{"line":1292,"column":71}},"390":{"start":{"line":1298,"column":6},"end":{"line":1298,"column":53}},"391":{"start":{"line":1300,"column":19},"end":{"line":1300,"column":21}},"392":{"start":{"line":1302,"column":6},"end":{"line":1306,"column":7}},"393":{"start":{"line":1303,"column":8},"end":{"line":1303,"column":98}},"394":{"start":{"line":1305,"column":8},"end":{"line":1305,"column":117}},"395":{"start":{"line":1308,"column":6},"end":{"line":1308,"column":42}},"396":{"start":{"line":1310,"column":6},"end":{"line":1362,"column":11}},"397":{"start":{"line":1317,"column":10},"end":{"line":1317,"column":48}},"398":{"start":{"line":1318,"column":10},"end":{"line":1318,"column":52}},"399":{"start":{"line":1319,"column":10},"end":{"line":1319,"column":60}},"400":{"start":{"line":1320,"column":10},"end":{"line":1320,"column":54}},"401":{"start":{"line":1321,"column":10},"end":{"line":1321,"column":52}},"402":{"start":{"line":1323,"column":10},"end":{"line":1323,"column":47}},"403":{"start":{"line":1324,"column":10},"end":{"line":1324,"column":43}},"404":{"start":{"line":1325,"column":10},"end":{"line":1325,"column":83}},"405":{"start":{"line":1326,"column":10},"end":{"line":1326,"column":37}},"406":{"start":{"line":1330,"column":10},"end":{"line":1330,"column":42}},"407":{"start":{"line":1332,"column":10},"end":{"line":1332,"column":47}},"408":{"start":{"line":1333,"column":10},"end":{"line":1333,"column":42}},"409":{"start":{"line":1336,"column":10},"end":{"line":1358,"column":11}},"410":{"start":{"line":1339,"column":12},"end":{"line":1339,"column":45}},"411":{"start":{"line":1340,"column":12},"end":{"line":1340,"column":53}},"412":{"start":{"line":1342,"column":12},"end":{"line":1342,"column":61}},"413":{"start":{"line":1344,"column":12},"end":{"line":1344,"column":47}},"414":{"start":{"line":1345,"column":12},"end":{"line":1345,"column":48}},"415":{"start":{"line":1347,"column":17},"end":{"line":1358,"column":11}},"416":{"start":{"line":1351,"column":12},"end":{"line":1351,"column":39}},"417":{"start":{"line":1352,"column":12},"end":{"line":1352,"column":114}},"418":{"start":{"line":1356,"column":12},"end":{"line":1356,"column":48}},"419":{"start":{"line":1357,"column":12},"end":{"line":1357,"column":114}},"420":{"start":{"line":1360,"column":10},"end":{"line":1360,"column":37}},"421":{"start":{"line":1385,"column":6},"end":{"line":1385,"column":43}},"422":{"start":{"line":1386,"column":6},"end":{"line":1386,"column":46}},"423":{"start":{"line":1387,"column":6},"end":{"line":1387,"column":47}},"424":{"start":{"line":1389,"column":6},"end":{"line":1401,"column":8}},"425":{"start":{"line":1390,"column":8},"end":{"line":1390,"column":65}},"426":{"start":{"line":1391,"column":8},"end":{"line":1391,"column":64}},"427":{"start":{"line":1392,"column":8},"end":{"line":1392,"column":44}},"428":{"start":{"line":1393,"column":8},"end":{"line":1393,"column":54}},"429":{"start":{"line":1394,"column":8},"end":{"line":1394,"column":55}},"430":{"start":{"line":1395,"column":8},"end":{"line":1395,"column":46}},"431":{"start":{"line":1397,"column":8},"end":{"line":1397,"column":41}},"432":{"start":{"line":1399,"column":8},"end":{"line":1399,"column":46}},"433":{"start":{"line":1405,"column":6},"end":{"line":1409,"column":8}},"434":{"start":{"line":1406,"column":8},"end":{"line":1406,"column":59}},"435":{"start":{"line":1408,"column":8},"end":{"line":1408,"column":24}},"436":{"start":{"line":1413,"column":6},"end":{"line":1413,"column":47}},"437":{"start":{"line":1417,"column":6},"end":{"line":1417,"column":47}},"438":{"start":{"line":1450,"column":6},"end":{"line":1450,"column":56}},"439":{"start":{"line":1451,"column":6},"end":{"line":1451,"column":42}},"440":{"start":{"line":1452,"column":6},"end":{"line":1452,"column":52}},"441":{"start":{"line":1453,"column":6},"end":{"line":1453,"column":53}},"442":{"start":{"line":1457,"column":6},"end":{"line":1457,"column":52}},"443":{"start":{"line":1458,"column":6},"end":{"line":1458,"column":42}},"444":{"start":{"line":1459,"column":6},"end":{"line":1459,"column":48}},"445":{"start":{"line":1460,"column":6},"end":{"line":1460,"column":49}},"446":{"start":{"line":1464,"column":6},"end":{"line":1464,"column":63}},"447":{"start":{"line":1465,"column":6},"end":{"line":1465,"column":53}},"448":{"start":{"line":1466,"column":6},"end":{"line":1466,"column":52}},"449":{"start":{"line":1470,"column":6},"end":{"line":1472,"column":14}},"450":{"start":{"line":1471,"column":8},"end":{"line":1471,"column":40}},"451":{"start":{"line":1476,"column":6},"end":{"line":1476,"column":32}},"452":{"start":{"line":1480,"column":6},"end":{"line":1480,"column":48}},"453":{"start":{"line":1481,"column":6},"end":{"line":1481,"column":42}},"454":{"start":{"line":1482,"column":6},"end":{"line":1482,"column":46}},"455":{"start":{"line":1484,"column":6},"end":{"line":1491,"column":14}},"456":{"start":{"line":1485,"column":8},"end":{"line":1485,"column":61}},"457":{"start":{"line":1487,"column":8},"end":{"line":1487,"column":56}},"458":{"start":{"line":1488,"column":8},"end":{"line":1488,"column":59}},"459":{"start":{"line":1489,"column":8},"end":{"line":1489,"column":55}},"460":{"start":{"line":1496,"column":6},"end":{"line":1496,"column":33}},"461":{"start":{"line":1518,"column":6},"end":{"line":1518,"column":46}},"462":{"start":{"line":1520,"column":6},"end":{"line":1520,"column":39}},"463":{"start":{"line":1521,"column":6},"end":{"line":1521,"column":46}},"464":{"start":{"line":1522,"column":6},"end":{"line":1522,"column":47}},"465":{"start":{"line":1523,"column":6},"end":{"line":1534,"column":9}},"466":{"start":{"line":1524,"column":8},"end":{"line":1524,"column":61}},"467":{"start":{"line":1525,"column":8},"end":{"line":1525,"column":60}},"468":{"start":{"line":1526,"column":8},"end":{"line":1526,"column":44}},"469":{"start":{"line":1527,"column":8},"end":{"line":1527,"column":50}},"470":{"start":{"line":1528,"column":8},"end":{"line":1528,"column":51}},"471":{"start":{"line":1529,"column":8},"end":{"line":1529,"column":46}},"472":{"start":{"line":1531,"column":8},"end":{"line":1531,"column":41}},"473":{"start":{"line":1532,"column":8},"end":{"line":1532,"column":46}},"474":{"start":{"line":1539,"column":6},"end":{"line":1539,"column":47}},"475":{"start":{"line":1540,"column":6},"end":{"line":1540,"column":40}},"476":{"start":{"line":1541,"column":6},"end":{"line":1541,"column":59}},"477":{"start":{"line":1542,"column":6},"end":{"line":1542,"column":42}},"478":{"start":{"line":1543,"column":6},"end":{"line":1543,"column":49}},"479":{"start":{"line":1544,"column":6},"end":{"line":1544,"column":50}},"480":{"start":{"line":1545,"column":6},"end":{"line":1545,"column":46}},"481":{"start":{"line":1550,"column":6},"end":{"line":1550,"column":48}},"482":{"start":{"line":1551,"column":6},"end":{"line":1551,"column":41}},"483":{"start":{"line":1552,"column":6},"end":{"line":1552,"column":46}},"484":{"start":{"line":1557,"column":6},"end":{"line":1557,"column":45}},"485":{"start":{"line":1558,"column":6},"end":{"line":1558,"column":38}},"486":{"start":{"line":1559,"column":6},"end":{"line":1559,"column":46}},"487":{"start":{"line":1564,"column":6},"end":{"line":1564,"column":54}},"488":{"start":{"line":1565,"column":6},"end":{"line":1565,"column":51}},"489":{"start":{"line":1566,"column":6},"end":{"line":1566,"column":48}},"490":{"start":{"line":1570,"column":6},"end":{"line":1570,"column":54}},"491":{"start":{"line":1571,"column":6},"end":{"line":1571,"column":47}},"492":{"start":{"line":1572,"column":6},"end":{"line":1572,"column":48}},"493":{"start":{"line":1576,"column":6},"end":{"line":1576,"column":55}},"494":{"start":{"line":1577,"column":6},"end":{"line":1577,"column":47}},"495":{"start":{"line":1578,"column":6},"end":{"line":1578,"column":48}},"496":{"start":{"line":1582,"column":6},"end":{"line":1582,"column":59}},"497":{"start":{"line":1583,"column":6},"end":{"line":1583,"column":47}},"498":{"start":{"line":1584,"column":6},"end":{"line":1584,"column":52}},"499":{"start":{"line":1588,"column":6},"end":{"line":1588,"column":56}},"500":{"start":{"line":1589,"column":6},"end":{"line":1589,"column":47}},"501":{"start":{"line":1590,"column":6},"end":{"line":1590,"column":49}},"502":{"start":{"line":1594,"column":6},"end":{"line":1594,"column":57}},"503":{"start":{"line":1595,"column":6},"end":{"line":1595,"column":51}},"504":{"start":{"line":1596,"column":6},"end":{"line":1596,"column":49}},"505":{"start":{"line":1600,"column":6},"end":{"line":1600,"column":57}},"506":{"start":{"line":1601,"column":6},"end":{"line":1601,"column":47}},"507":{"start":{"line":1602,"column":6},"end":{"line":1602,"column":49}},"508":{"start":{"line":1606,"column":6},"end":{"line":1606,"column":53}},"509":{"start":{"line":1607,"column":6},"end":{"line":1607,"column":53}},"510":{"start":{"line":1608,"column":6},"end":{"line":1608,"column":42}},"511":{"start":{"line":1609,"column":6},"end":{"line":1609,"column":49}},"512":{"start":{"line":1610,"column":6},"end":{"line":1610,"column":50}},"513":{"start":{"line":1614,"column":6},"end":{"line":1614,"column":54}},"514":{"start":{"line":1615,"column":6},"end":{"line":1615,"column":55}},"515":{"start":{"line":1616,"column":6},"end":{"line":1616,"column":50}},"516":{"start":{"line":1617,"column":6},"end":{"line":1617,"column":49}},"517":{"start":{"line":1621,"column":6},"end":{"line":1621,"column":57}},"518":{"start":{"line":1622,"column":6},"end":{"line":1622,"column":51}},"519":{"start":{"line":1623,"column":6},"end":{"line":1623,"column":52}},"520":{"start":{"line":1627,"column":6},"end":{"line":1627,"column":57}},"521":{"start":{"line":1628,"column":6},"end":{"line":1628,"column":47}},"522":{"start":{"line":1629,"column":6},"end":{"line":1629,"column":52}},"523":{"start":{"line":1633,"column":6},"end":{"line":1633,"column":54}},"524":{"start":{"line":1634,"column":6},"end":{"line":1634,"column":53}},"525":{"start":{"line":1638,"column":6},"end":{"line":1638,"column":46}},"526":{"start":{"line":1639,"column":6},"end":{"line":1639,"column":51}},"527":{"start":{"line":1643,"column":6},"end":{"line":1643,"column":63}},"528":{"start":{"line":1644,"column":6},"end":{"line":1644,"column":52}},"529":{"start":{"line":1648,"column":6},"end":{"line":1648,"column":55}},"530":{"start":{"line":1649,"column":6},"end":{"line":1649,"column":56}},"531":{"start":{"line":1653,"column":6},"end":{"line":1653,"column":53}},"532":{"start":{"line":1654,"column":6},"end":{"line":1654,"column":54}},"533":{"start":{"line":1655,"column":6},"end":{"line":1655,"column":49}},"534":{"start":{"line":1656,"column":6},"end":{"line":1656,"column":48}},"535":{"start":{"line":1660,"column":8},"end":{"line":1660,"column":48}},"536":{"start":{"line":1662,"column":8},"end":{"line":1662,"column":50}},"537":{"start":{"line":1664,"column":8},"end":{"line":1684,"column":13}},"538":{"start":{"line":1668,"column":12},"end":{"line":1668,"column":61}},"539":{"start":{"line":1670,"column":14},"end":{"line":1680,"column":17}},"540":{"start":{"line":1671,"column":16},"end":{"line":1671,"column":73}},"541":{"start":{"line":1672,"column":16},"end":{"line":1672,"column":72}},"542":{"start":{"line":1673,"column":16},"end":{"line":1673,"column":52}},"543":{"start":{"line":1674,"column":16},"end":{"line":1674,"column":62}},"544":{"start":{"line":1675,"column":16},"end":{"line":1675,"column":63}},"545":{"start":{"line":1678,"column":16},"end":{"line":1678,"column":49}},"546":{"start":{"line":1683,"column":16},"end":{"line":1683,"column":75}},"547":{"start":{"line":1689,"column":6},"end":{"line":1689,"column":50}},"548":{"start":{"line":1693,"column":6},"end":{"line":1693,"column":51}},"549":{"start":{"line":1697,"column":6},"end":{"line":1697,"column":61}},"550":{"start":{"line":1701,"column":6},"end":{"line":1701,"column":65}},"551":{"start":{"line":1706,"column":4},"end":{"line":1706,"column":43}},"552":{"start":{"line":1708,"column":4},"end":{"line":1738,"column":11}},"553":{"start":{"line":1712,"column":10},"end":{"line":1712,"column":29}},"554":{"start":{"line":1713,"column":10},"end":{"line":1713,"column":48}},"555":{"start":{"line":1714,"column":10},"end":{"line":1714,"column":52}},"556":{"start":{"line":1715,"column":10},"end":{"line":1715,"column":60}},"557":{"start":{"line":1716,"column":10},"end":{"line":1716,"column":54}},"558":{"start":{"line":1717,"column":10},"end":{"line":1717,"column":52}},"559":{"start":{"line":1719,"column":10},"end":{"line":1719,"column":55}},"560":{"start":{"line":1723,"column":10},"end":{"line":1734,"column":14}},"561":{"start":{"line":1724,"column":18},"end":{"line":1724,"column":37}},"562":{"start":{"line":1725,"column":16},"end":{"line":1725,"column":69}},"563":{"start":{"line":1726,"column":16},"end":{"line":1726,"column":68}},"564":{"start":{"line":1727,"column":16},"end":{"line":1727,"column":52}},"565":{"start":{"line":1728,"column":16},"end":{"line":1728,"column":58}},"566":{"start":{"line":1729,"column":16},"end":{"line":1729,"column":59}},"567":{"start":{"line":1732,"column":16},"end":{"line":1732,"column":49}},"568":{"start":{"line":1737,"column":12},"end":{"line":1737,"column":72}},"569":{"start":{"line":1742,"column":6},"end":{"line":1742,"column":45}},"570":{"start":{"line":1746,"column":6},"end":{"line":1746,"column":52}},"571":{"start":{"line":1750,"column":6},"end":{"line":1750,"column":37}},"572":{"start":{"line":1754,"column":6},"end":{"line":1754,"column":40}},"573":{"start":{"line":1758,"column":6},"end":{"line":1758,"column":41}},"574":{"start":{"line":1762,"column":6},"end":{"line":1762,"column":52}},"575":{"start":{"line":1766,"column":6},"end":{"line":1766,"column":45}},"576":{"start":{"line":1770,"column":6},"end":{"line":1770,"column":42}},"577":{"start":{"line":1778,"column":6},"end":{"line":1778,"column":53}},"578":{"start":{"line":1779,"column":6},"end":{"line":1779,"column":57}},"579":{"start":{"line":1780,"column":6},"end":{"line":1780,"column":54}},"580":{"start":{"line":1784,"column":6},"end":{"line":1784,"column":39}},"581":{"start":{"line":1788,"column":6},"end":{"line":1788,"column":47}},"582":{"start":{"line":1792,"column":6},"end":{"line":1792,"column":44}},"583":{"start":{"line":1796,"column":6},"end":{"line":1796,"column":55}},"584":{"start":{"line":1800,"column":6},"end":{"line":1800,"column":59}},"585":{"start":{"line":1804,"column":6},"end":{"line":1804,"column":64}},"586":{"start":{"line":1808,"column":6},"end":{"line":1808,"column":40}},"587":{"start":{"line":1812,"column":6},"end":{"line":1812,"column":58}},"588":{"start":{"line":1816,"column":6},"end":{"line":1816,"column":35}}},"fnMap":{"0":{"name":"(anonymous_0)","decl":{"start":{"line":316,"column":22},"end":{"line":316,"column":23}},"loc":{"start":{"line":316,"column":31},"end":{"line":318,"column":5}},"line":316},"1":{"name":"(anonymous_1)","decl":{"start":{"line":328,"column":21},"end":{"line":328,"column":22}},"loc":{"start":{"line":328,"column":30},"end":{"line":333,"column":5}},"line":328},"2":{"name":"(anonymous_2)","decl":{"start":{"line":329,"column":28},"end":{"line":329,"column":29}},"loc":{"start":{"line":329,"column":38},"end":{"line":332,"column":7}},"line":329},"3":{"name":"(anonymous_3)","decl":{"start":{"line":338,"column":13},"end":{"line":338,"column":14}},"loc":{"start":{"line":338,"column":22},"end":{"line":342,"column":5}},"line":338},"4":{"name":"(anonymous_4)","decl":{"start":{"line":344,"column":23},"end":{"line":344,"column":24}},"loc":{"start":{"line":344,"column":32},"end":{"line":351,"column":5}},"line":344},"5":{"name":"(anonymous_5)","decl":{"start":{"line":353,"column":14},"end":{"line":353,"column":15}},"loc":{"start":{"line":353,"column":23},"end":{"line":356,"column":5}},"line":353},"6":{"name":"(anonymous_6)","decl":{"start":{"line":358,"column":24},"end":{"line":358,"column":25}},"loc":{"start":{"line":358,"column":33},"end":{"line":367,"column":5}},"line":358},"7":{"name":"(anonymous_7)","decl":{"start":{"line":369,"column":20},"end":{"line":369,"column":21}},"loc":{"start":{"line":369,"column":29},"end":{"line":376,"column":5}},"line":369},"8":{"name":"(anonymous_8)","decl":{"start":{"line":378,"column":21},"end":{"line":378,"column":22}},"loc":{"start":{"line":378,"column":30},"end":{"line":385,"column":5}},"line":378},"9":{"name":"(anonymous_9)","decl":{"start":{"line":387,"column":22},"end":{"line":387,"column":23}},"loc":{"start":{"line":387,"column":31},"end":{"line":394,"column":5}},"line":387},"10":{"name":"(anonymous_10)","decl":{"start":{"line":396,"column":19},"end":{"line":396,"column":20}},"loc":{"start":{"line":396,"column":28},"end":{"line":403,"column":5}},"line":396},"11":{"name":"(anonymous_11)","decl":{"start":{"line":409,"column":43},"end":{"line":409,"column":44}},"loc":{"start":{"line":409,"column":52},"end":{"line":414,"column":5}},"line":409},"12":{"name":"(anonymous_12)","decl":{"start":{"line":416,"column":39},"end":{"line":416,"column":40}},"loc":{"start":{"line":416,"column":48},"end":{"line":419,"column":5}},"line":416},"13":{"name":"(anonymous_13)","decl":{"start":{"line":421,"column":40},"end":{"line":421,"column":41}},"loc":{"start":{"line":421,"column":49},"end":{"line":424,"column":5}},"line":421},"14":{"name":"(anonymous_14)","decl":{"start":{"line":426,"column":34},"end":{"line":426,"column":35}},"loc":{"start":{"line":426,"column":43},"end":{"line":429,"column":5}},"line":426},"15":{"name":"(anonymous_15)","decl":{"start":{"line":431,"column":30},"end":{"line":431,"column":31}},"loc":{"start":{"line":431,"column":39},"end":{"line":434,"column":5}},"line":431},"16":{"name":"(anonymous_16)","decl":{"start":{"line":436,"column":31},"end":{"line":436,"column":32}},"loc":{"start":{"line":436,"column":40},"end":{"line":439,"column":5}},"line":436},"17":{"name":"(anonymous_17)","decl":{"start":{"line":441,"column":29},"end":{"line":441,"column":30}},"loc":{"start":{"line":441,"column":38},"end":{"line":445,"column":5}},"line":441},"18":{"name":"(anonymous_18)","decl":{"start":{"line":447,"column":30},"end":{"line":447,"column":31}},"loc":{"start":{"line":447,"column":39},"end":{"line":451,"column":5}},"line":447},"19":{"name":"(anonymous_19)","decl":{"start":{"line":453,"column":33},"end":{"line":453,"column":34}},"loc":{"start":{"line":453,"column":42},"end":{"line":457,"column":5}},"line":453},"20":{"name":"(anonymous_20)","decl":{"start":{"line":459,"column":20},"end":{"line":459,"column":21}},"loc":{"start":{"line":459,"column":40},"end":{"line":461,"column":5}},"line":459},"21":{"name":"(anonymous_21)","decl":{"start":{"line":463,"column":28},"end":{"line":463,"column":29}},"loc":{"start":{"line":463,"column":37},"end":{"line":465,"column":5}},"line":463},"22":{"name":"(anonymous_22)","decl":{"start":{"line":467,"column":32},"end":{"line":467,"column":33}},"loc":{"start":{"line":467,"column":41},"end":{"line":469,"column":5}},"line":467},"23":{"name":"(anonymous_23)","decl":{"start":{"line":476,"column":25},"end":{"line":476,"column":26}},"loc":{"start":{"line":476,"column":34},"end":{"line":479,"column":3}},"line":476},"24":{"name":"(anonymous_24)","decl":{"start":{"line":481,"column":26},"end":{"line":481,"column":27}},"loc":{"start":{"line":481,"column":43},"end":{"line":495,"column":5}},"line":481},"25":{"name":"(anonymous_25)","decl":{"start":{"line":497,"column":20},"end":{"line":497,"column":21}},"loc":{"start":{"line":497,"column":43},"end":{"line":500,"column":5}},"line":497},"26":{"name":"(anonymous_26)","decl":{"start":{"line":502,"column":21},"end":{"line":502,"column":22}},"loc":{"start":{"line":502,"column":44},"end":{"line":508,"column":5}},"line":502},"27":{"name":"(anonymous_27)","decl":{"start":{"line":510,"column":30},"end":{"line":510,"column":31}},"loc":{"start":{"line":510,"column":48},"end":{"line":513,"column":5}},"line":510},"28":{"name":"(anonymous_28)","decl":{"start":{"line":516,"column":28},"end":{"line":516,"column":29}},"loc":{"start":{"line":516,"column":52},"end":{"line":571,"column":5}},"line":516},"29":{"name":"(anonymous_29)","decl":{"start":{"line":573,"column":29},"end":{"line":573,"column":30}},"loc":{"start":{"line":573,"column":53},"end":{"line":618,"column":5}},"line":573},"30":{"name":"(anonymous_30)","decl":{"start":{"line":620,"column":31},"end":{"line":620,"column":32}},"loc":{"start":{"line":620,"column":55},"end":{"line":652,"column":5}},"line":620},"31":{"name":"(anonymous_31)","decl":{"start":{"line":654,"column":30},"end":{"line":654,"column":31}},"loc":{"start":{"line":654,"column":48},"end":{"line":656,"column":5}},"line":654},"32":{"name":"(anonymous_32)","decl":{"start":{"line":658,"column":27},"end":{"line":658,"column":28}},"loc":{"start":{"line":658,"column":45},"end":{"line":660,"column":5}},"line":658},"33":{"name":"(anonymous_33)","decl":{"start":{"line":662,"column":26},"end":{"line":662,"column":27}},"loc":{"start":{"line":662,"column":44},"end":{"line":664,"column":5}},"line":662},"34":{"name":"(anonymous_34)","decl":{"start":{"line":666,"column":28},"end":{"line":666,"column":29}},"loc":{"start":{"line":666,"column":37},"end":{"line":668,"column":5}},"line":666},"35":{"name":"(anonymous_35)","decl":{"start":{"line":669,"column":28},"end":{"line":669,"column":29}},"loc":{"start":{"line":669,"column":37},"end":{"line":671,"column":5}},"line":669},"36":{"name":"(anonymous_36)","decl":{"start":{"line":673,"column":29},"end":{"line":673,"column":30}},"loc":{"start":{"line":673,"column":38},"end":{"line":676,"column":5}},"line":673},"37":{"name":"(anonymous_37)","decl":{"start":{"line":678,"column":36},"end":{"line":678,"column":37}},"loc":{"start":{"line":678,"column":45},"end":{"line":684,"column":5}},"line":678},"38":{"name":"(anonymous_38)","decl":{"start":{"line":686,"column":39},"end":{"line":686,"column":40}},"loc":{"start":{"line":686,"column":56},"end":{"line":718,"column":5}},"line":686},"39":{"name":"(anonymous_39)","decl":{"start":{"line":720,"column":24},"end":{"line":720,"column":25}},"loc":{"start":{"line":720,"column":41},"end":{"line":722,"column":5}},"line":720},"40":{"name":"(anonymous_40)","decl":{"start":{"line":724,"column":25},"end":{"line":724,"column":26}},"loc":{"start":{"line":724,"column":43},"end":{"line":726,"column":5}},"line":724},"41":{"name":"(anonymous_41)","decl":{"start":{"line":728,"column":42},"end":{"line":728,"column":43}},"loc":{"start":{"line":728,"column":51},"end":{"line":734,"column":5}},"line":728},"42":{"name":"(anonymous_42)","decl":{"start":{"line":736,"column":39},"end":{"line":736,"column":40}},"loc":{"start":{"line":736,"column":57},"end":{"line":738,"column":5}},"line":736},"43":{"name":"(anonymous_43)","decl":{"start":{"line":740,"column":26},"end":{"line":740,"column":27}},"loc":{"start":{"line":740,"column":35},"end":{"line":759,"column":5}},"line":740},"44":{"name":"(anonymous_44)","decl":{"start":{"line":761,"column":40},"end":{"line":761,"column":41}},"loc":{"start":{"line":761,"column":58},"end":{"line":794,"column":5}},"line":761},"45":{"name":"(anonymous_45)","decl":{"start":{"line":797,"column":32},"end":{"line":797,"column":33}},"loc":{"start":{"line":797,"column":41},"end":{"line":803,"column":5}},"line":797},"46":{"name":"(anonymous_46)","decl":{"start":{"line":805,"column":15},"end":{"line":805,"column":16}},"loc":{"start":{"line":805,"column":24},"end":{"line":883,"column":5}},"line":805},"47":{"name":"(anonymous_47)","decl":{"start":{"line":833,"column":14},"end":{"line":833,"column":15}},"loc":{"start":{"line":833,"column":34},"end":{"line":847,"column":9}},"line":833},"48":{"name":"(anonymous_48)","decl":{"start":{"line":848,"column":15},"end":{"line":848,"column":16}},"loc":{"start":{"line":848,"column":32},"end":{"line":881,"column":9}},"line":848},"49":{"name":"(anonymous_49)","decl":{"start":{"line":886,"column":19},"end":{"line":886,"column":20}},"loc":{"start":{"line":886,"column":37},"end":{"line":895,"column":5}},"line":886},"50":{"name":"(anonymous_50)","decl":{"start":{"line":897,"column":25},"end":{"line":897,"column":26}},"loc":{"start":{"line":897,"column":44},"end":{"line":912,"column":5}},"line":897},"51":{"name":"(anonymous_51)","decl":{"start":{"line":914,"column":18},"end":{"line":914,"column":19}},"loc":{"start":{"line":914,"column":26},"end":{"line":925,"column":5}},"line":914},"52":{"name":"(anonymous_52)","decl":{"start":{"line":927,"column":21},"end":{"line":927,"column":22}},"loc":{"start":{"line":927,"column":30},"end":{"line":932,"column":5}},"line":927},"53":{"name":"(anonymous_53)","decl":{"start":{"line":934,"column":22},"end":{"line":934,"column":23}},"loc":{"start":{"line":934,"column":31},"end":{"line":938,"column":5}},"line":934},"54":{"name":"(anonymous_54)","decl":{"start":{"line":941,"column":26},"end":{"line":941,"column":27}},"loc":{"start":{"line":941,"column":44},"end":{"line":943,"column":5}},"line":941},"55":{"name":"(anonymous_55)","decl":{"start":{"line":945,"column":17},"end":{"line":945,"column":18}},"loc":{"start":{"line":945,"column":37},"end":{"line":952,"column":5}},"line":945},"56":{"name":"(anonymous_56)","decl":{"start":{"line":954,"column":23},"end":{"line":954,"column":24}},"loc":{"start":{"line":954,"column":32},"end":{"line":960,"column":5}},"line":954},"57":{"name":"(anonymous_57)","decl":{"start":{"line":963,"column":34},"end":{"line":963,"column":35}},"loc":{"start":{"line":963,"column":43},"end":{"line":988,"column":5}},"line":963},"58":{"name":"(anonymous_58)","decl":{"start":{"line":990,"column":38},"end":{"line":990,"column":39}},"loc":{"start":{"line":990,"column":47},"end":{"line":1011,"column":5}},"line":990},"59":{"name":"(anonymous_59)","decl":{"start":{"line":1013,"column":35},"end":{"line":1013,"column":36}},"loc":{"start":{"line":1013,"column":44},"end":{"line":1053,"column":5}},"line":1013},"60":{"name":"(anonymous_60)","decl":{"start":{"line":1082,"column":30},"end":{"line":1082,"column":31}},"loc":{"start":{"line":1082,"column":52},"end":{"line":1097,"column":5}},"line":1082},"61":{"name":"(anonymous_61)","decl":{"start":{"line":1100,"column":31},"end":{"line":1100,"column":32}},"loc":{"start":{"line":1100,"column":40},"end":{"line":1117,"column":5}},"line":1100},"62":{"name":"(anonymous_62)","decl":{"start":{"line":1119,"column":20},"end":{"line":1119,"column":21}},"loc":{"start":{"line":1119,"column":29},"end":{"line":1153,"column":5}},"line":1119},"63":{"name":"(anonymous_63)","decl":{"start":{"line":1125,"column":205},"end":{"line":1125,"column":206}},"loc":{"start":{"line":1125,"column":217},"end":{"line":1133,"column":11}},"line":1125},"64":{"name":"(anonymous_64)","decl":{"start":{"line":1133,"column":13},"end":{"line":1133,"column":14}},"loc":{"start":{"line":1133,"column":24},"end":{"line":1138,"column":11}},"line":1133},"65":{"name":"(anonymous_65)","decl":{"start":{"line":1155,"column":28},"end":{"line":1155,"column":29}},"loc":{"start":{"line":1155,"column":37},"end":{"line":1158,"column":5}},"line":1155},"66":{"name":"(anonymous_66)","decl":{"start":{"line":1160,"column":25},"end":{"line":1160,"column":26}},"loc":{"start":{"line":1160,"column":34},"end":{"line":1163,"column":5}},"line":1160},"67":{"name":"(anonymous_67)","decl":{"start":{"line":1165,"column":34},"end":{"line":1165,"column":35}},"loc":{"start":{"line":1165,"column":55},"end":{"line":1178,"column":5}},"line":1165},"68":{"name":"(anonymous_68)","decl":{"start":{"line":1180,"column":35},"end":{"line":1180,"column":36}},"loc":{"start":{"line":1180,"column":53},"end":{"line":1203,"column":5}},"line":1180},"69":{"name":"(anonymous_69)","decl":{"start":{"line":1205,"column":31},"end":{"line":1205,"column":32}},"loc":{"start":{"line":1205,"column":49},"end":{"line":1228,"column":5}},"line":1205},"70":{"name":"(anonymous_70)","decl":{"start":{"line":1231,"column":26},"end":{"line":1231,"column":27}},"loc":{"start":{"line":1231,"column":46},"end":{"line":1235,"column":5}},"line":1231},"71":{"name":"(anonymous_71)","decl":{"start":{"line":1237,"column":30},"end":{"line":1237,"column":31}},"loc":{"start":{"line":1237,"column":50},"end":{"line":1241,"column":5}},"line":1237},"72":{"name":"(anonymous_72)","decl":{"start":{"line":1243,"column":35},"end":{"line":1243,"column":36}},"loc":{"start":{"line":1243,"column":55},"end":{"line":1247,"column":5}},"line":1243},"73":{"name":"(anonymous_73)","decl":{"start":{"line":1249,"column":29},"end":{"line":1249,"column":30}},"loc":{"start":{"line":1249,"column":49},"end":{"line":1253,"column":5}},"line":1249},"74":{"name":"(anonymous_74)","decl":{"start":{"line":1255,"column":21},"end":{"line":1255,"column":22}},"loc":{"start":{"line":1255,"column":30},"end":{"line":1294,"column":5}},"line":1255},"75":{"name":"(anonymous_75)","decl":{"start":{"line":1297,"column":16},"end":{"line":1297,"column":17}},"loc":{"start":{"line":1297,"column":25},"end":{"line":1364,"column":5}},"line":1297},"76":{"name":"(anonymous_76)","decl":{"start":{"line":1316,"column":14},"end":{"line":1316,"column":15}},"loc":{"start":{"line":1316,"column":34},"end":{"line":1328,"column":9}},"line":1316},"77":{"name":"(anonymous_77)","decl":{"start":{"line":1329,"column":15},"end":{"line":1329,"column":16}},"loc":{"start":{"line":1329,"column":32},"end":{"line":1362,"column":9}},"line":1329},"78":{"name":"(anonymous_78)","decl":{"start":{"line":1384,"column":24},"end":{"line":1384,"column":25}},"loc":{"start":{"line":1384,"column":42},"end":{"line":1402,"column":5}},"line":1384},"79":{"name":"(anonymous_79)","decl":{"start":{"line":1389,"column":44},"end":{"line":1389,"column":45}},"loc":{"start":{"line":1389,"column":56},"end":{"line":1396,"column":7}},"line":1389},"80":{"name":"(anonymous_80)","decl":{"start":{"line":1396,"column":9},"end":{"line":1396,"column":10}},"loc":{"start":{"line":1396,"column":18},"end":{"line":1401,"column":7}},"line":1396},"81":{"name":"(anonymous_81)","decl":{"start":{"line":1404,"column":23},"end":{"line":1404,"column":24}},"loc":{"start":{"line":1404,"column":45},"end":{"line":1410,"column":5}},"line":1404},"82":{"name":"(anonymous_82)","decl":{"start":{"line":1405,"column":42},"end":{"line":1405,"column":43}},"loc":{"start":{"line":1405,"column":56},"end":{"line":1407,"column":7}},"line":1405},"83":{"name":"(anonymous_83)","decl":{"start":{"line":1407,"column":9},"end":{"line":1407,"column":10}},"loc":{"start":{"line":1407,"column":18},"end":{"line":1409,"column":7}},"line":1407},"84":{"name":"(anonymous_84)","decl":{"start":{"line":1412,"column":28},"end":{"line":1412,"column":29}},"loc":{"start":{"line":1412,"column":39},"end":{"line":1414,"column":5}},"line":1412},"85":{"name":"(anonymous_85)","decl":{"start":{"line":1416,"column":28},"end":{"line":1416,"column":29}},"loc":{"start":{"line":1416,"column":39},"end":{"line":1418,"column":5}},"line":1416},"86":{"name":"(anonymous_86)","decl":{"start":{"line":1420,"column":22},"end":{"line":1420,"column":23}},"loc":{"start":{"line":1420,"column":33},"end":{"line":1447,"column":5}},"line":1420},"87":{"name":"(anonymous_87)","decl":{"start":{"line":1449,"column":30},"end":{"line":1449,"column":31}},"loc":{"start":{"line":1449,"column":50},"end":{"line":1454,"column":5}},"line":1449},"88":{"name":"(anonymous_88)","decl":{"start":{"line":1456,"column":26},"end":{"line":1456,"column":27}},"loc":{"start":{"line":1456,"column":46},"end":{"line":1461,"column":5}},"line":1456},"89":{"name":"(anonymous_89)","decl":{"start":{"line":1463,"column":31},"end":{"line":1463,"column":32}},"loc":{"start":{"line":1463,"column":57},"end":{"line":1467,"column":5}},"line":1463},"90":{"name":"(anonymous_90)","decl":{"start":{"line":1469,"column":19},"end":{"line":1469,"column":20}},"loc":{"start":{"line":1469,"column":30},"end":{"line":1473,"column":5}},"line":1469},"91":{"name":"(anonymous_91)","decl":{"start":{"line":1470,"column":17},"end":{"line":1470,"column":18}},"loc":{"start":{"line":1470,"column":29},"end":{"line":1472,"column":7}},"line":1470},"92":{"name":"(anonymous_92)","decl":{"start":{"line":1475,"column":13},"end":{"line":1475,"column":14}},"loc":{"start":{"line":1475,"column":23},"end":{"line":1477,"column":5}},"line":1475},"93":{"name":"(anonymous_93)","decl":{"start":{"line":1479,"column":23},"end":{"line":1479,"column":24}},"loc":{"start":{"line":1479,"column":34},"end":{"line":1493,"column":5}},"line":1479},"94":{"name":"(anonymous_94)","decl":{"start":{"line":1484,"column":17},"end":{"line":1484,"column":18}},"loc":{"start":{"line":1484,"column":29},"end":{"line":1491,"column":7}},"line":1484},"95":{"name":"(anonymous_95)","decl":{"start":{"line":1495,"column":14},"end":{"line":1495,"column":15}},"loc":{"start":{"line":1495,"column":25},"end":{"line":1497,"column":5}},"line":1495},"96":{"name":"(anonymous_96)","decl":{"start":{"line":1517,"column":20},"end":{"line":1517,"column":21}},"loc":{"start":{"line":1517,"column":37},"end":{"line":1536,"column":5}},"line":1517},"97":{"name":"(anonymous_97)","decl":{"start":{"line":1523,"column":118},"end":{"line":1523,"column":119}},"loc":{"start":{"line":1523,"column":130},"end":{"line":1530,"column":7}},"line":1523},"98":{"name":"(anonymous_98)","decl":{"start":{"line":1530,"column":9},"end":{"line":1530,"column":10}},"loc":{"start":{"line":1530,"column":18},"end":{"line":1534,"column":7}},"line":1530},"99":{"name":"(anonymous_99)","decl":{"start":{"line":1538,"column":21},"end":{"line":1538,"column":22}},"loc":{"start":{"line":1538,"column":31},"end":{"line":1547,"column":5}},"line":1538},"100":{"name":"(anonymous_100)","decl":{"start":{"line":1549,"column":22},"end":{"line":1549,"column":23}},"loc":{"start":{"line":1549,"column":32},"end":{"line":1554,"column":5}},"line":1549},"101":{"name":"(anonymous_101)","decl":{"start":{"line":1556,"column":19},"end":{"line":1556,"column":20}},"loc":{"start":{"line":1556,"column":29},"end":{"line":1561,"column":5}},"line":1556},"102":{"name":"(anonymous_102)","decl":{"start":{"line":1563,"column":28},"end":{"line":1563,"column":29}},"loc":{"start":{"line":1563,"column":39},"end":{"line":1567,"column":5}},"line":1563},"103":{"name":"(anonymous_103)","decl":{"start":{"line":1569,"column":28},"end":{"line":1569,"column":29}},"loc":{"start":{"line":1569,"column":39},"end":{"line":1573,"column":5}},"line":1569},"104":{"name":"(anonymous_104)","decl":{"start":{"line":1575,"column":29},"end":{"line":1575,"column":30}},"loc":{"start":{"line":1575,"column":50},"end":{"line":1579,"column":5}},"line":1575},"105":{"name":"(anonymous_105)","decl":{"start":{"line":1581,"column":33},"end":{"line":1581,"column":34}},"loc":{"start":{"line":1581,"column":54},"end":{"line":1585,"column":5}},"line":1581},"106":{"name":"(anonymous_106)","decl":{"start":{"line":1587,"column":30},"end":{"line":1587,"column":31}},"loc":{"start":{"line":1587,"column":50},"end":{"line":1591,"column":5}},"line":1587},"107":{"name":"(anonymous_107)","decl":{"start":{"line":1593,"column":29},"end":{"line":1593,"column":30}},"loc":{"start":{"line":1593,"column":40},"end":{"line":1597,"column":5}},"line":1593},"108":{"name":"(anonymous_108)","decl":{"start":{"line":1599,"column":29},"end":{"line":1599,"column":30}},"loc":{"start":{"line":1599,"column":40},"end":{"line":1603,"column":5}},"line":1599},"109":{"name":"(anonymous_109)","decl":{"start":{"line":1605,"column":27},"end":{"line":1605,"column":28}},"loc":{"start":{"line":1605,"column":47},"end":{"line":1611,"column":5}},"line":1605},"110":{"name":"(anonymous_110)","decl":{"start":{"line":1613,"column":29},"end":{"line":1613,"column":30}},"loc":{"start":{"line":1613,"column":49},"end":{"line":1618,"column":5}},"line":1613},"111":{"name":"(anonymous_111)","decl":{"start":{"line":1620,"column":31},"end":{"line":1620,"column":32}},"loc":{"start":{"line":1620,"column":42},"end":{"line":1624,"column":5}},"line":1620},"112":{"name":"(anonymous_112)","decl":{"start":{"line":1626,"column":31},"end":{"line":1626,"column":32}},"loc":{"start":{"line":1626,"column":42},"end":{"line":1630,"column":5}},"line":1626},"113":{"name":"(anonymous_113)","decl":{"start":{"line":1632,"column":28},"end":{"line":1632,"column":29}},"loc":{"start":{"line":1632,"column":47},"end":{"line":1635,"column":5}},"line":1632},"114":{"name":"(anonymous_114)","decl":{"start":{"line":1637,"column":20},"end":{"line":1637,"column":21}},"loc":{"start":{"line":1637,"column":45},"end":{"line":1640,"column":5}},"line":1637},"115":{"name":"(anonymous_115)","decl":{"start":{"line":1642,"column":21},"end":{"line":1642,"column":22}},"loc":{"start":{"line":1642,"column":46},"end":{"line":1645,"column":5}},"line":1642},"116":{"name":"(anonymous_116)","decl":{"start":{"line":1647,"column":30},"end":{"line":1647,"column":31}},"loc":{"start":{"line":1647,"column":49},"end":{"line":1650,"column":5}},"line":1647},"117":{"name":"(anonymous_117)","decl":{"start":{"line":1652,"column":28},"end":{"line":1652,"column":29}},"loc":{"start":{"line":1652,"column":48},"end":{"line":1657,"column":5}},"line":1652},"118":{"name":"(anonymous_118)","decl":{"start":{"line":1659,"column":19},"end":{"line":1659,"column":20}},"loc":{"start":{"line":1659,"column":37},"end":{"line":1686,"column":5}},"line":1659},"119":{"name":"(anonymous_119)","decl":{"start":{"line":1666,"column":20},"end":{"line":1666,"column":21}},"loc":{"start":{"line":1666,"column":40},"end":{"line":1682,"column":11}},"line":1666},"120":{"name":"(anonymous_120)","decl":{"start":{"line":1670,"column":145},"end":{"line":1670,"column":146}},"loc":{"start":{"line":1670,"column":157},"end":{"line":1677,"column":15}},"line":1670},"121":{"name":"(anonymous_121)","decl":{"start":{"line":1677,"column":17},"end":{"line":1677,"column":18}},"loc":{"start":{"line":1677,"column":26},"end":{"line":1680,"column":15}},"line":1677},"122":{"name":"(anonymous_122)","decl":{"start":{"line":1682,"column":19},"end":{"line":1682,"column":20}},"loc":{"start":{"line":1682,"column":36},"end":{"line":1684,"column":11}},"line":1682},"123":{"name":"(anonymous_123)","decl":{"start":{"line":1688,"column":24},"end":{"line":1688,"column":25}},"loc":{"start":{"line":1688,"column":44},"end":{"line":1690,"column":5}},"line":1688},"124":{"name":"(anonymous_124)","decl":{"start":{"line":1692,"column":25},"end":{"line":1692,"column":26}},"loc":{"start":{"line":1692,"column":45},"end":{"line":1694,"column":5}},"line":1692},"125":{"name":"(anonymous_125)","decl":{"start":{"line":1696,"column":42},"end":{"line":1696,"column":43}},"loc":{"start":{"line":1696,"column":53},"end":{"line":1698,"column":5}},"line":1696},"126":{"name":"(anonymous_126)","decl":{"start":{"line":1700,"column":39},"end":{"line":1700,"column":40}},"loc":{"start":{"line":1700,"column":59},"end":{"line":1702,"column":5}},"line":1700},"127":{"name":"(anonymous_127)","decl":{"start":{"line":1704,"column":15},"end":{"line":1704,"column":16}},"loc":{"start":{"line":1704,"column":48},"end":{"line":1739,"column":5}},"line":1704},"128":{"name":"(anonymous_128)","decl":{"start":{"line":1711,"column":14},"end":{"line":1711,"column":15}},"loc":{"start":{"line":1711,"column":34},"end":{"line":1736,"column":9}},"line":1711},"129":{"name":"(anonymous_129)","decl":{"start":{"line":1723,"column":122},"end":{"line":1723,"column":123}},"loc":{"start":{"line":1723,"column":134},"end":{"line":1731,"column":12}},"line":1723},"130":{"name":"(anonymous_130)","decl":{"start":{"line":1731,"column":14},"end":{"line":1731,"column":15}},"loc":{"start":{"line":1731,"column":23},"end":{"line":1734,"column":12}},"line":1731},"131":{"name":"(anonymous_131)","decl":{"start":{"line":1736,"column":17},"end":{"line":1736,"column":18}},"loc":{"start":{"line":1736,"column":34},"end":{"line":1738,"column":9}},"line":1736},"132":{"name":"(anonymous_132)","decl":{"start":{"line":1741,"column":19},"end":{"line":1741,"column":20}},"loc":{"start":{"line":1741,"column":39},"end":{"line":1743,"column":5}},"line":1741},"133":{"name":"(anonymous_133)","decl":{"start":{"line":1745,"column":25},"end":{"line":1745,"column":26}},"loc":{"start":{"line":1745,"column":46},"end":{"line":1747,"column":5}},"line":1745},"134":{"name":"(anonymous_134)","decl":{"start":{"line":1749,"column":18},"end":{"line":1749,"column":19}},"loc":{"start":{"line":1749,"column":29},"end":{"line":1751,"column":5}},"line":1749},"135":{"name":"(anonymous_135)","decl":{"start":{"line":1753,"column":21},"end":{"line":1753,"column":22}},"loc":{"start":{"line":1753,"column":32},"end":{"line":1755,"column":5}},"line":1753},"136":{"name":"(anonymous_136)","decl":{"start":{"line":1757,"column":22},"end":{"line":1757,"column":23}},"loc":{"start":{"line":1757,"column":33},"end":{"line":1759,"column":5}},"line":1757},"137":{"name":"(anonymous_137)","decl":{"start":{"line":1761,"column":26},"end":{"line":1761,"column":27}},"loc":{"start":{"line":1761,"column":46},"end":{"line":1763,"column":5}},"line":1761},"138":{"name":"(anonymous_138)","decl":{"start":{"line":1765,"column":17},"end":{"line":1765,"column":18}},"loc":{"start":{"line":1765,"column":39},"end":{"line":1767,"column":5}},"line":1765},"139":{"name":"(anonymous_139)","decl":{"start":{"line":1769,"column":23},"end":{"line":1769,"column":24}},"loc":{"start":{"line":1769,"column":34},"end":{"line":1771,"column":5}},"line":1769},"140":{"name":"(anonymous_140)","decl":{"start":{"line":1773,"column":27},"end":{"line":1773,"column":28}},"loc":{"start":{"line":1773,"column":38},"end":{"line":1775,"column":5}},"line":1773},"141":{"name":"(anonymous_141)","decl":{"start":{"line":1777,"column":16},"end":{"line":1777,"column":17}},"loc":{"start":{"line":1777,"column":27},"end":{"line":1781,"column":5}},"line":1777},"142":{"name":"(anonymous_142)","decl":{"start":{"line":1783,"column":20},"end":{"line":1783,"column":21}},"loc":{"start":{"line":1783,"column":30},"end":{"line":1785,"column":5}},"line":1783},"143":{"name":"(anonymous_143)","decl":{"start":{"line":1787,"column":28},"end":{"line":1787,"column":29}},"loc":{"start":{"line":1787,"column":39},"end":{"line":1789,"column":5}},"line":1787},"144":{"name":"(anonymous_144)","decl":{"start":{"line":1791,"column":25},"end":{"line":1791,"column":26}},"loc":{"start":{"line":1791,"column":36},"end":{"line":1793,"column":5}},"line":1791},"145":{"name":"(anonymous_145)","decl":{"start":{"line":1795,"column":26},"end":{"line":1795,"column":27}},"loc":{"start":{"line":1795,"column":49},"end":{"line":1797,"column":5}},"line":1795},"146":{"name":"(anonymous_146)","decl":{"start":{"line":1799,"column":30},"end":{"line":1799,"column":31}},"loc":{"start":{"line":1799,"column":53},"end":{"line":1801,"column":5}},"line":1799},"147":{"name":"(anonymous_147)","decl":{"start":{"line":1803,"column":35},"end":{"line":1803,"column":36}},"loc":{"start":{"line":1803,"column":58},"end":{"line":1805,"column":5}},"line":1803},"148":{"name":"(anonymous_148)","decl":{"start":{"line":1807,"column":21},"end":{"line":1807,"column":22}},"loc":{"start":{"line":1807,"column":32},"end":{"line":1809,"column":5}},"line":1807},"149":{"name":"(anonymous_149)","decl":{"start":{"line":1811,"column":29},"end":{"line":1811,"column":30}},"loc":{"start":{"line":1811,"column":52},"end":{"line":1813,"column":5}},"line":1811},"150":{"name":"(anonymous_150)","decl":{"start":{"line":1815,"column":16},"end":{"line":1815,"column":17}},"loc":{"start":{"line":1815,"column":27},"end":{"line":1817,"column":5}},"line":1815}},"branchMap":{"0":{"loc":{"start":{"line":488,"column":6},"end":{"line":492,"column":7}},"type":"if","locations":[{"start":{"line":488,"column":6},"end":{"line":492,"column":7}},{"start":{"line":488,"column":6},"end":{"line":492,"column":7}}],"line":488},"1":{"loc":{"start":{"line":525,"column":6},"end":{"line":570,"column":7}},"type":"if","locations":[{"start":{"line":525,"column":6},"end":{"line":570,"column":7}},{"start":{"line":525,"column":6},"end":{"line":570,"column":7}}],"line":525},"2":{"loc":{"start":{"line":542,"column":10},"end":{"line":557,"column":11}},"type":"if","locations":[{"start":{"line":542,"column":10},"end":{"line":557,"column":11}},{"start":{"line":542,"column":10},"end":{"line":557,"column":11}}],"line":542},"3":{"loc":{"start":{"line":561,"column":8},"end":{"line":565,"column":9}},"type":"if","locations":[{"start":{"line":561,"column":8},"end":{"line":565,"column":9}},{"start":{"line":561,"column":8},"end":{"line":565,"column":9}}],"line":561},"4":{"loc":{"start":{"line":582,"column":6},"end":{"line":617,"column":7}},"type":"if","locations":[{"start":{"line":582,"column":6},"end":{"line":617,"column":7}},{"start":{"line":582,"column":6},"end":{"line":617,"column":7}}],"line":582},"5":{"loc":{"start":{"line":608,"column":8},"end":{"line":612,"column":9}},"type":"if","locations":[{"start":{"line":608,"column":8},"end":{"line":612,"column":9}},{"start":{"line":608,"column":8},"end":{"line":612,"column":9}}],"line":608},"6":{"loc":{"start":{"line":629,"column":6},"end":{"line":650,"column":7}},"type":"if","locations":[{"start":{"line":629,"column":6},"end":{"line":650,"column":7}},{"start":{"line":629,"column":6},"end":{"line":650,"column":7}}],"line":629},"7":{"loc":{"start":{"line":641,"column":8},"end":{"line":645,"column":9}},"type":"if","locations":[{"start":{"line":641,"column":8},"end":{"line":645,"column":9}},{"start":{"line":641,"column":8},"end":{"line":645,"column":9}}],"line":641},"8":{"loc":{"start":{"line":693,"column":8},"end":{"line":713,"column":9}},"type":"if","locations":[{"start":{"line":693,"column":8},"end":{"line":713,"column":9}},{"start":{"line":693,"column":8},"end":{"line":713,"column":9}}],"line":693},"9":{"loc":{"start":{"line":703,"column":15},"end":{"line":713,"column":9}},"type":"if","locations":[{"start":{"line":703,"column":15},"end":{"line":713,"column":9}},{"start":{"line":703,"column":15},"end":{"line":713,"column":9}}],"line":703},"10":{"loc":{"start":{"line":768,"column":8},"end":{"line":790,"column":7}},"type":"if","locations":[{"start":{"line":768,"column":8},"end":{"line":790,"column":7}},{"start":{"line":768,"column":8},"end":{"line":790,"column":7}}],"line":768},"11":{"loc":{"start":{"line":779,"column":13},"end":{"line":790,"column":7}},"type":"if","locations":[{"start":{"line":779,"column":13},"end":{"line":790,"column":7}},{"start":{"line":779,"column":13},"end":{"line":790,"column":7}}],"line":779},"12":{"loc":{"start":{"line":855,"column":10},"end":{"line":877,"column":11}},"type":"if","locations":[{"start":{"line":855,"column":10},"end":{"line":877,"column":11}},{"start":{"line":855,"column":10},"end":{"line":877,"column":11}}],"line":855},"13":{"loc":{"start":{"line":866,"column":17},"end":{"line":877,"column":11}},"type":"if","locations":[{"start":{"line":866,"column":17},"end":{"line":877,"column":11}},{"start":{"line":866,"column":17},"end":{"line":877,"column":11}}],"line":866},"14":{"loc":{"start":{"line":1121,"column":6},"end":{"line":1151,"column":7}},"type":"if","locations":[{"start":{"line":1121,"column":6},"end":{"line":1151,"column":7}},{"start":{"line":1121,"column":6},"end":{"line":1151,"column":7}}],"line":1121},"15":{"loc":{"start":{"line":1142,"column":8},"end":{"line":1150,"column":9}},"type":"if","locations":[{"start":{"line":1142,"column":8},"end":{"line":1150,"column":9}},{"start":{"line":1142,"column":8},"end":{"line":1150,"column":9}}],"line":1142},"16":{"loc":{"start":{"line":1145,"column":10},"end":{"line":1149,"column":11}},"type":"if","locations":[{"start":{"line":1145,"column":10},"end":{"line":1149,"column":11}},{"start":{"line":1145,"column":10},"end":{"line":1149,"column":11}}],"line":1145},"17":{"loc":{"start":{"line":1182,"column":6},"end":{"line":1202,"column":7}},"type":"if","locations":[{"start":{"line":1182,"column":6},"end":{"line":1202,"column":7}},{"start":{"line":1182,"column":6},"end":{"line":1202,"column":7}}],"line":1182},"18":{"loc":{"start":{"line":1192,"column":13},"end":{"line":1202,"column":7}},"type":"if","locations":[{"start":{"line":1192,"column":13},"end":{"line":1202,"column":7}},{"start":{"line":1192,"column":13},"end":{"line":1202,"column":7}}],"line":1192},"19":{"loc":{"start":{"line":1207,"column":6},"end":{"line":1227,"column":7}},"type":"if","locations":[{"start":{"line":1207,"column":6},"end":{"line":1227,"column":7}},{"start":{"line":1207,"column":6},"end":{"line":1227,"column":7}}],"line":1207},"20":{"loc":{"start":{"line":1217,"column":13},"end":{"line":1227,"column":7}},"type":"if","locations":[{"start":{"line":1217,"column":13},"end":{"line":1227,"column":7}},{"start":{"line":1217,"column":13},"end":{"line":1227,"column":7}}],"line":1217},"21":{"loc":{"start":{"line":1268,"column":6},"end":{"line":1286,"column":7}},"type":"if","locations":[{"start":{"line":1268,"column":6},"end":{"line":1286,"column":7}},{"start":{"line":1268,"column":6},"end":{"line":1286,"column":7}}],"line":1268},"22":{"loc":{"start":{"line":1271,"column":8},"end":{"line":1285,"column":9}},"type":"if","locations":[{"start":{"line":1271,"column":8},"end":{"line":1285,"column":9}},{"start":{"line":1271,"column":8},"end":{"line":1285,"column":9}}],"line":1271},"23":{"loc":{"start":{"line":1275,"column":10},"end":{"line":1284,"column":11}},"type":"if","locations":[{"start":{"line":1275,"column":10},"end":{"line":1284,"column":11}},{"start":{"line":1275,"column":10},"end":{"line":1284,"column":11}}],"line":1275},"24":{"loc":{"start":{"line":1302,"column":6},"end":{"line":1306,"column":7}},"type":"if","locations":[{"start":{"line":1302,"column":6},"end":{"line":1306,"column":7}},{"start":{"line":1302,"column":6},"end":{"line":1306,"column":7}}],"line":1302},"25":{"loc":{"start":{"line":1336,"column":10},"end":{"line":1358,"column":11}},"type":"if","locations":[{"start":{"line":1336,"column":10},"end":{"line":1358,"column":11}},{"start":{"line":1336,"column":10},"end":{"line":1358,"column":11}}],"line":1336},"26":{"loc":{"start":{"line":1347,"column":17},"end":{"line":1358,"column":11}},"type":"if","locations":[{"start":{"line":1347,"column":17},"end":{"line":1358,"column":11}},{"start":{"line":1347,"column":17},"end":{"line":1358,"column":11}}],"line":1347}},"s":{"0":4,"1":2,"2":1,"3":3,"4":3,"5":2,"6":2,"7":2,"8":2,"9":2,"10":2,"11":2,"12":2,"13":2,"14":2,"15":2,"16":2,"17":2,"18":2,"19":2,"20":2,"21":2,"22":2,"23":2,"24":2,"25":2,"26":2,"27":2,"28":2,"29":2,"30":2,"31":2,"32":2,"33":2,"34":2,"35":2,"36":2,"37":2,"38":2,"39":2,"40":2,"41":2,"42":2,"43":2,"44":2,"45":1,"46":0,"47":0,"48":0,"49":0,"50":0,"51":0,"52":0,"53":3,"54":6,"55":4,"56":2,"57":1,"58":0,"59":1,"60":2,"61":2,"62":1,"63":0,"64":0,"65":3,"66":6,"67":6,"68":7,"69":5,"70":2,"71":2,"72":2,"73":2,"74":2,"75":2,"76":2,"77":1,"78":1,"79":2,"80":2,"81":2,"82":2,"83":2,"84":2,"85":2,"86":2,"87":2,"88":2,"89":1,"90":0,"91":0,"92":0,"93":0,"94":0,"95":0,"96":0,"97":0,"98":0,"99":0,"100":0,"101":0,"102":0,"103":0,"104":0,"105":0,"106":0,"107":0,"108":0,"109":0,"110":0,"111":0,"112":0,"113":0,"114":0,"115":0,"116":0,"117":0,"118":0,"119":0,"120":0,"121":0,"122":0,"123":0,"124":1,"125":1,"126":1,"127":1,"128":1,"129":0,"130":1,"131":1,"132":2,"133":1,"134":4,"135":2,"136":3,"137":3,"138":2,"139":0,"140":1,"141":0,"142":1,"143":0,"144":3,"145":1,"146":2,"147":2,"148":2,"149":0,"150":0,"151":0,"152":0,"153":0,"154":0,"155":0,"156":0,"157":0,"158":0,"159":0,"160":0,"161":0,"162":1,"163":1,"164":1,"165":1,"166":0,"167":1,"168":1,"169":1,"170":1,"171":1,"172":2,"173":2,"174":2,"175":2,"176":1,"177":2,"178":1,"179":1,"180":1,"181":1,"182":1,"183":1,"184":1,"185":1,"186":1,"187":1,"188":1,"189":1,"190":0,"191":0,"192":0,"193":0,"194":0,"195":0,"196":0,"197":0,"198":0,"199":0,"200":0,"201":0,"202":0,"203":0,"204":0,"205":0,"206":0,"207":0,"208":0,"209":0,"210":0,"211":0,"212":0,"213":0,"214":0,"215":0,"216":0,"217":0,"218":0,"219":0,"220":0,"221":0,"222":0,"223":0,"224":0,"225":0,"226":0,"227":0,"228":0,"229":0,"230":0,"231":0,"232":0,"233":0,"234":0,"235":0,"236":0,"237":0,"238":0,"239":0,"240":1,"241":1,"242":1,"243":1,"244":1,"245":0,"246":1,"247":1,"248":1,"249":1,"250":1,"251":1,"252":1,"253":1,"254":2,"255":2,"256":1,"257":1,"258":1,"259":0,"260":1,"261":1,"262":1,"263":2,"264":2,"265":2,"266":2,"267":2,"268":2,"269":2,"270":0,"271":1,"272":1,"273":1,"274":1,"275":1,"276":1,"277":2,"278":2,"279":2,"280":2,"281":1,"282":1,"283":1,"284":0,"285":2,"286":2,"287":2,"288":2,"289":2,"290":2,"291":4,"292":4,"293":1,"294":1,"295":0,"296":0,"297":0,"298":0,"299":0,"300":0,"301":0,"302":1,"303":2,"304":2,"305":2,"306":2,"307":2,"308":2,"309":4,"310":4,"311":1,"312":3,"313":3,"314":1,"315":0,"316":0,"317":0,"318":0,"319":0,"320":0,"321":0,"322":1,"323":1,"324":1,"325":1,"326":1,"327":1,"328":1,"329":1,"330":1,"331":3,"332":3,"333":1,"334":0,"335":0,"336":0,"337":1,"338":1,"339":1,"340":1,"341":1,"342":1,"343":1,"344":1,"345":1,"346":1,"347":1,"348":1,"349":0,"350":0,"351":0,"352":0,"353":0,"354":0,"355":0,"356":1,"357":1,"358":1,"359":1,"360":1,"361":1,"362":1,"363":1,"364":1,"365":1,"366":1,"367":1,"368":0,"369":0,"370":0,"371":0,"372":0,"373":0,"374":0,"375":0,"376":0,"377":0,"378":0,"379":0,"380":0,"381":0,"382":0,"383":0,"384":0,"385":0,"386":0,"387":0,"388":0,"389":0,"390":0,"391":0,"392":0,"393":0,"394":0,"395":0,"396":0,"397":0,"398":0,"399":0,"400":0,"401":0,"402":0,"403":0,"404":0,"405":0,"406":0,"407":0,"408":0,"409":0,"410":0,"411":0,"412":0,"413":0,"414":1,"415":1,"416":2,"417":2,"418":2,"419":2,"420":1,"421":1,"422":1,"423":1,"424":1,"425":1,"426":1,"427":0,"428":0,"429":1,"430":0,"431":0,"432":0,"433":0,"434":0,"435":0,"436":1,"437":1,"438":3,"439":2,"440":2,"441":2,"442":1,"443":1,"444":1,"445":1,"446":1,"447":1,"448":1,"449":0,"450":0,"451":1,"452":0,"453":0,"454":0,"455":0,"456":0,"457":0,"458":0,"459":0,"460":1,"461":0,"462":0,"463":0,"464":0,"465":0,"466":0,"467":0,"468":0,"469":0,"470":0,"471":0,"472":0,"473":0,"474":0,"475":0,"476":0,"477":0,"478":0,"479":0,"480":0,"481":0,"482":0,"483":0,"484":0,"485":0,"486":0,"487":0,"488":0,"489":0,"490":0,"491":0,"492":0,"493":0,"494":0,"495":0,"496":0,"497":0,"498":0,"499":0,"500":0,"501":0,"502":0,"503":0,"504":0,"505":0,"506":0,"507":0,"508":0,"509":0,"510":0,"511":0,"512":0,"513":0,"514":0,"515":0,"516":0,"517":0,"518":0,"519":0,"520":0,"521":0,"522":0,"523":0,"524":0,"525":0,"526":0,"527":0,"528":0,"529":0,"530":0,"531":0,"532":0,"533":0,"534":0,"535":0,"536":0,"537":0,"538":0,"539":0,"540":0,"541":0,"542":0,"543":0,"544":0,"545":0,"546":0,"547":0,"548":0,"549":0,"550":0,"551":0,"552":0,"553":0,"554":0,"555":0,"556":0,"557":0,"558":0,"559":0,"560":0,"561":0,"562":0,"563":0,"564":0,"565":0,"566":0,"567":0,"568":0,"569":0,"570":0,"571":0,"572":0,"573":0,"574":0,"575":0,"576":0,"577":0,"578":0,"579":0,"580":0,"581":0,"582":0,"583":0,"584":0,"585":0,"586":0,"587":0,"588":0},"f":{"0":0,"1":2,"2":4,"3":2,"4":2,"5":2,"6":2,"7":2,"8":2,"9":2,"10":2,"11":0,"12":0,"13":0,"14":6,"15":2,"16":0,"17":2,"18":0,"19":6,"20":8,"21":2,"22":2,"23":2,"24":2,"25":2,"26":2,"27":2,"28":0,"29":0,"30":2,"31":6,"32":2,"33":4,"34":4,"35":4,"36":0,"37":0,"38":0,"39":2,"40":2,"41":2,"42":0,"43":2,"44":0,"45":0,"46":0,"47":0,"48":0,"49":2,"50":2,"51":0,"52":2,"53":2,"54":0,"55":2,"56":2,"57":0,"58":0,"59":0,"60":2,"61":0,"62":0,"63":0,"64":0,"65":2,"66":2,"67":2,"68":0,"69":0,"70":2,"71":2,"72":2,"73":2,"74":0,"75":0,"76":0,"77":0,"78":0,"79":0,"80":0,"81":0,"82":0,"83":0,"84":2,"85":2,"86":0,"87":4,"88":2,"89":2,"90":0,"91":0,"92":2,"93":0,"94":0,"95":2,"96":0,"97":0,"98":0,"99":0,"100":0,"101":0,"102":0,"103":0,"104":0,"105":0,"106":0,"107":0,"108":0,"109":0,"110":0,"111":0,"112":0,"113":0,"114":0,"115":0,"116":0,"117":0,"118":0,"119":0,"120":0,"121":0,"122":0,"123":0,"124":0,"125":0,"126":0,"127":0,"128":0,"129":0,"130":0,"131":0,"132":0,"133":0,"134":0,"135":0,"136":0,"137":0,"138":0,"139":0,"140":0,"141":0,"142":0,"143":0,"144":0,"145":0,"146":0,"147":0,"148":0,"149":0,"150":0},"b":{"0":[0,2],"1":[0,0],"2":[0,0],"3":[0,0],"4":[0,0],"5":[0,0],"6":[2,0],"7":[0,2],"8":[0,0],"9":[0,0],"10":[0,0],"11":[0,0],"12":[0,0],"13":[0,0],"14":[0,0],"15":[0,0],"16":[0,0],"17":[0,0],"18":[0,0],"19":[0,0],"20":[0,0],"21":[0,0],"22":[0,0],"23":[0,0],"24":[0,0],"25":[0,0],"26":[0,0]},"_coverageSchema":"332fd63041d2c1bcb487cc26dd0d5f7d97098a6c","hash":"4c7fe5777e013abaf4e6e0f0d1b5b32ea3d0fa1f"}
}
