TN:
SF:/home/j-nahas/Escritorio/Tesis/Repositorio/front-end/src/store/store-helpers.js
FN:3,addElementToFilteredOnes
FN:29,getPagesNeeded
FN:46,getElementsToShowInTable
FNF:3
FNH:2
FNDA:0,addElementToFilteredOnes
FNDA:8,getPagesNeeded
FNDA:8,getElementsToShowInTable
DA:4,0
DA:5,0
DA:6,0
DA:7,0
DA:8,0
DA:10,0
DA:11,0
DA:13,0
DA:14,0
DA:15,0
DA:16,0
DA:19,0
DA:20,0
DA:21,0
DA:23,0
DA:25,0
DA:26,4
DA:31,8
DA:32,8
DA:33,8
DA:34,7
DA:37,5
DA:38,7
DA:42,5
DA:47,8
DA:48,8
DA:49,8
DA:50,8
DA:52,12
DA:53,10
DA:55,10
DA:57,8
DA:59,8
DA:60,6
DA:61,6
DA:64,4
LF:36
LH:20
BRDA:11,0,0,0
BRDA:11,0,1,0
BRDA:14,1,0,0
BRDA:14,1,1,0
BRDA:20,2,0,0
BRDA:20,2,1,0
BRDA:37,3,0,6
BRDA:37,3,1,2
BRDA:59,4,0,12
BRDA:59,4,1,4
BRF:10
BRH:4
end_of_record
TN:
SF:/home/j-nahas/Escritorio/Tesis/Repositorio/front-end/src/store/store.js
FN:316,(anonymous_0)
FN:328,(anonymous_1)
FN:329,(anonymous_2)
FN:338,(anonymous_3)
FN:344,(anonymous_4)
FN:353,(anonymous_5)
FN:358,(anonymous_6)
FN:369,(anonymous_7)
FN:378,(anonymous_8)
FN:387,(anonymous_9)
FN:396,(anonymous_10)
FN:409,(anonymous_11)
FN:416,(anonymous_12)
FN:421,(anonymous_13)
FN:426,(anonymous_14)
FN:431,(anonymous_15)
FN:436,(anonymous_16)
FN:441,(anonymous_17)
FN:447,(anonymous_18)
FN:453,(anonymous_19)
FN:459,(anonymous_20)
FN:463,(anonymous_21)
FN:467,(anonymous_22)
FN:476,(anonymous_23)
FN:481,(anonymous_24)
FN:497,(anonymous_25)
FN:502,(anonymous_26)
FN:510,(anonymous_27)
FN:516,(anonymous_28)
FN:573,(anonymous_29)
FN:620,(anonymous_30)
FN:654,(anonymous_31)
FN:658,(anonymous_32)
FN:662,(anonymous_33)
FN:666,(anonymous_34)
FN:669,(anonymous_35)
FN:673,(anonymous_36)
FN:678,(anonymous_37)
FN:686,(anonymous_38)
FN:720,(anonymous_39)
FN:724,(anonymous_40)
FN:728,(anonymous_41)
FN:736,(anonymous_42)
FN:740,(anonymous_43)
FN:761,(anonymous_44)
FN:797,(anonymous_45)
FN:805,(anonymous_46)
FN:833,(anonymous_47)
FN:848,(anonymous_48)
FN:886,(anonymous_49)
FN:897,(anonymous_50)
FN:914,(anonymous_51)
FN:927,(anonymous_52)
FN:934,(anonymous_53)
FN:941,(anonymous_54)
FN:945,(anonymous_55)
FN:954,(anonymous_56)
FN:963,(anonymous_57)
FN:990,(anonymous_58)
FN:1013,(anonymous_59)
FN:1082,(anonymous_60)
FN:1100,(anonymous_61)
FN:1119,(anonymous_62)
FN:1125,(anonymous_63)
FN:1133,(anonymous_64)
FN:1155,(anonymous_65)
FN:1160,(anonymous_66)
FN:1165,(anonymous_67)
FN:1180,(anonymous_68)
FN:1205,(anonymous_69)
FN:1231,(anonymous_70)
FN:1237,(anonymous_71)
FN:1243,(anonymous_72)
FN:1249,(anonymous_73)
FN:1255,(anonymous_74)
FN:1297,(anonymous_75)
FN:1316,(anonymous_76)
FN:1329,(anonymous_77)
FN:1384,(anonymous_78)
FN:1389,(anonymous_79)
FN:1396,(anonymous_80)
FN:1404,(anonymous_81)
FN:1405,(anonymous_82)
FN:1407,(anonymous_83)
FN:1412,(anonymous_84)
FN:1416,(anonymous_85)
FN:1420,(anonymous_86)
FN:1449,(anonymous_87)
FN:1456,(anonymous_88)
FN:1463,(anonymous_89)
FN:1469,(anonymous_90)
FN:1470,(anonymous_91)
FN:1475,(anonymous_92)
FN:1479,(anonymous_93)
FN:1484,(anonymous_94)
FN:1495,(anonymous_95)
FN:1517,(anonymous_96)
FN:1523,(anonymous_97)
FN:1530,(anonymous_98)
FN:1538,(anonymous_99)
FN:1549,(anonymous_100)
FN:1556,(anonymous_101)
FN:1563,(anonymous_102)
FN:1569,(anonymous_103)
FN:1575,(anonymous_104)
FN:1581,(anonymous_105)
FN:1587,(anonymous_106)
FN:1593,(anonymous_107)
FN:1599,(anonymous_108)
FN:1605,(anonymous_109)
FN:1613,(anonymous_110)
FN:1620,(anonymous_111)
FN:1626,(anonymous_112)
FN:1632,(anonymous_113)
FN:1637,(anonymous_114)
FN:1642,(anonymous_115)
FN:1647,(anonymous_116)
FN:1652,(anonymous_117)
FN:1659,(anonymous_118)
FN:1666,(anonymous_119)
FN:1670,(anonymous_120)
FN:1677,(anonymous_121)
FN:1682,(anonymous_122)
FN:1688,(anonymous_123)
FN:1692,(anonymous_124)
FN:1696,(anonymous_125)
FN:1700,(anonymous_126)
FN:1704,(anonymous_127)
FN:1711,(anonymous_128)
FN:1723,(anonymous_129)
FN:1731,(anonymous_130)
FN:1736,(anonymous_131)
FN:1741,(anonymous_132)
FN:1745,(anonymous_133)
FN:1749,(anonymous_134)
FN:1753,(anonymous_135)
FN:1757,(anonymous_136)
FN:1761,(anonymous_137)
FN:1765,(anonymous_138)
FN:1769,(anonymous_139)
FN:1773,(anonymous_140)
FN:1777,(anonymous_141)
FN:1783,(anonymous_142)
FN:1787,(anonymous_143)
FN:1791,(anonymous_144)
FN:1795,(anonymous_145)
FN:1799,(anonymous_146)
FN:1803,(anonymous_147)
FN:1807,(anonymous_148)
FN:1811,(anonymous_149)
FN:1815,(anonymous_150)
FNF:151
FNH:53
FNDA:0,(anonymous_0)
FNDA:2,(anonymous_1)
FNDA:4,(anonymous_2)
FNDA:2,(anonymous_3)
FNDA:2,(anonymous_4)
FNDA:2,(anonymous_5)
FNDA:2,(anonymous_6)
FNDA:2,(anonymous_7)
FNDA:2,(anonymous_8)
FNDA:2,(anonymous_9)
FNDA:2,(anonymous_10)
FNDA:0,(anonymous_11)
FNDA:0,(anonymous_12)
FNDA:0,(anonymous_13)
FNDA:6,(anonymous_14)
FNDA:2,(anonymous_15)
FNDA:0,(anonymous_16)
FNDA:2,(anonymous_17)
FNDA:0,(anonymous_18)
FNDA:6,(anonymous_19)
FNDA:8,(anonymous_20)
FNDA:2,(anonymous_21)
FNDA:2,(anonymous_22)
FNDA:2,(anonymous_23)
FNDA:2,(anonymous_24)
FNDA:2,(anonymous_25)
FNDA:2,(anonymous_26)
FNDA:2,(anonymous_27)
FNDA:0,(anonymous_28)
FNDA:0,(anonymous_29)
FNDA:2,(anonymous_30)
FNDA:6,(anonymous_31)
FNDA:2,(anonymous_32)
FNDA:4,(anonymous_33)
FNDA:4,(anonymous_34)
FNDA:4,(anonymous_35)
FNDA:0,(anonymous_36)
FNDA:0,(anonymous_37)
FNDA:0,(anonymous_38)
FNDA:2,(anonymous_39)
FNDA:2,(anonymous_40)
FNDA:2,(anonymous_41)
FNDA:0,(anonymous_42)
FNDA:2,(anonymous_43)
FNDA:0,(anonymous_44)
FNDA:0,(anonymous_45)
FNDA:0,(anonymous_46)
FNDA:0,(anonymous_47)
FNDA:0,(anonymous_48)
FNDA:2,(anonymous_49)
FNDA:2,(anonymous_50)
FNDA:0,(anonymous_51)
FNDA:2,(anonymous_52)
FNDA:2,(anonymous_53)
FNDA:0,(anonymous_54)
FNDA:2,(anonymous_55)
FNDA:2,(anonymous_56)
FNDA:0,(anonymous_57)
FNDA:0,(anonymous_58)
FNDA:0,(anonymous_59)
FNDA:2,(anonymous_60)
FNDA:0,(anonymous_61)
FNDA:0,(anonymous_62)
FNDA:0,(anonymous_63)
FNDA:0,(anonymous_64)
FNDA:2,(anonymous_65)
FNDA:2,(anonymous_66)
FNDA:2,(anonymous_67)
FNDA:0,(anonymous_68)
FNDA:0,(anonymous_69)
FNDA:2,(anonymous_70)
FNDA:2,(anonymous_71)
FNDA:2,(anonymous_72)
FNDA:2,(anonymous_73)
FNDA:0,(anonymous_74)
FNDA:0,(anonymous_75)
FNDA:0,(anonymous_76)
FNDA:0,(anonymous_77)
FNDA:0,(anonymous_78)
FNDA:0,(anonymous_79)
FNDA:0,(anonymous_80)
FNDA:0,(anonymous_81)
FNDA:0,(anonymous_82)
FNDA:0,(anonymous_83)
FNDA:2,(anonymous_84)
FNDA:2,(anonymous_85)
FNDA:0,(anonymous_86)
FNDA:4,(anonymous_87)
FNDA:2,(anonymous_88)
FNDA:2,(anonymous_89)
FNDA:0,(anonymous_90)
FNDA:0,(anonymous_91)
FNDA:2,(anonymous_92)
FNDA:0,(anonymous_93)
FNDA:0,(anonymous_94)
FNDA:2,(anonymous_95)
FNDA:0,(anonymous_96)
FNDA:0,(anonymous_97)
FNDA:0,(anonymous_98)
FNDA:0,(anonymous_99)
FNDA:0,(anonymous_100)
FNDA:0,(anonymous_101)
FNDA:0,(anonymous_102)
FNDA:0,(anonymous_103)
FNDA:0,(anonymous_104)
FNDA:0,(anonymous_105)
FNDA:0,(anonymous_106)
FNDA:0,(anonymous_107)
FNDA:0,(anonymous_108)
FNDA:0,(anonymous_109)
FNDA:0,(anonymous_110)
FNDA:0,(anonymous_111)
FNDA:0,(anonymous_112)
FNDA:0,(anonymous_113)
FNDA:0,(anonymous_114)
FNDA:0,(anonymous_115)
FNDA:0,(anonymous_116)
FNDA:0,(anonymous_117)
FNDA:0,(anonymous_118)
FNDA:0,(anonymous_119)
FNDA:0,(anonymous_120)
FNDA:0,(anonymous_121)
FNDA:0,(anonymous_122)
FNDA:0,(anonymous_123)
FNDA:0,(anonymous_124)
FNDA:0,(anonymous_125)
FNDA:0,(anonymous_126)
FNDA:0,(anonymous_127)
FNDA:0,(anonymous_128)
FNDA:0,(anonymous_129)
FNDA:0,(anonymous_130)
FNDA:0,(anonymous_131)
FNDA:0,(anonymous_132)
FNDA:0,(anonymous_133)
FNDA:0,(anonymous_134)
FNDA:0,(anonymous_135)
FNDA:0,(anonymous_136)
FNDA:0,(anonymous_137)
FNDA:0,(anonymous_138)
FNDA:0,(anonymous_139)
FNDA:0,(anonymous_140)
FNDA:0,(anonymous_141)
FNDA:0,(anonymous_142)
FNDA:0,(anonymous_143)
FNDA:0,(anonymous_144)
FNDA:0,(anonymous_145)
FNDA:0,(anonymous_146)
FNDA:0,(anonymous_147)
FNDA:0,(anonymous_148)
FNDA:0,(anonymous_149)
FNDA:0,(anonymous_150)
DA:7,4
DA:9,2
DA:317,1
DA:329,3
DA:330,3
DA:339,2
DA:341,2
DA:345,2
DA:346,2
DA:347,2
DA:348,2
DA:349,2
DA:350,2
DA:354,2
DA:355,2
DA:359,2
DA:360,2
DA:361,2
DA:362,2
DA:363,2
DA:364,2
DA:365,2
DA:370,2
DA:371,2
DA:372,2
DA:373,2
DA:374,2
DA:375,2
DA:379,2
DA:380,2
DA:381,2
DA:382,2
DA:383,2
DA:384,2
DA:388,2
DA:389,2
DA:390,2
DA:391,2
DA:392,2
DA:393,2
DA:397,2
DA:398,2
DA:399,2
DA:400,2
DA:401,2
DA:402,1
DA:410,0
DA:411,0
DA:412,0
DA:413,0
DA:417,0
DA:418,0
DA:422,0
DA:423,3
DA:427,6
DA:428,4
DA:432,2
DA:433,1
DA:437,0
DA:438,1
DA:442,2
DA:443,2
DA:444,1
DA:448,0
DA:449,0
DA:450,3
DA:454,6
DA:455,6
DA:456,7
DA:460,5
DA:464,2
DA:468,2
DA:477,2
DA:478,2
DA:482,2
DA:484,2
DA:485,2
DA:488,1
DA:489,1
DA:491,2
DA:493,2
DA:494,2
DA:498,2
DA:499,2
DA:503,2
DA:504,2
DA:505,2
DA:506,2
DA:511,2
DA:512,1
DA:517,0
DA:519,0
DA:520,0
DA:522,0
DA:525,0
DA:528,0
DA:530,0
DA:533,0
DA:534,0
DA:542,0
DA:543,0
DA:544,0
DA:547,0
DA:548,0
DA:551,0
DA:552,0
DA:555,0
DA:556,0
DA:561,0
DA:562,0
DA:564,0
DA:569,0
DA:574,0
DA:576,0
DA:577,0
DA:579,0
DA:582,0
DA:585,0
DA:587,0
DA:590,0
DA:591,0
DA:594,0
DA:595,0
DA:598,0
DA:599,1
DA:603,1
DA:604,1
DA:608,1
DA:609,1
DA:611,0
DA:616,1
DA:621,1
DA:623,2
DA:624,1
DA:626,4
DA:629,2
DA:632,3
DA:634,3
DA:637,2
DA:638,0
DA:641,1
DA:642,0
DA:644,1
DA:649,0
DA:655,3
DA:659,1
DA:663,2
DA:667,2
DA:670,2
DA:674,0
DA:675,0
DA:679,0
DA:680,0
DA:681,0
DA:682,0
DA:683,0
DA:687,0
DA:689,0
DA:690,0
DA:693,0
DA:696,0
DA:697,0
DA:699,1
DA:701,1
DA:702,1
DA:703,1
DA:707,0
DA:708,1
DA:711,1
DA:712,1
DA:715,1
DA:716,1
DA:721,2
DA:725,2
DA:729,2
DA:730,2
DA:737,1
DA:741,2
DA:742,1
DA:743,1
DA:745,1
DA:746,1
DA:747,1
DA:748,1
DA:749,1
DA:750,1
DA:752,1
DA:753,1
DA:755,1
DA:757,1
DA:762,0
DA:764,0
DA:765,0
DA:768,0
DA:771,0
DA:772,0
DA:774,0
DA:776,0
DA:777,0
DA:779,0
DA:783,0
DA:784,0
DA:788,0
DA:789,0
DA:792,0
DA:798,0
DA:799,0
DA:800,0
DA:801,0
DA:802,0
DA:806,0
DA:807,0
DA:808,0
DA:809,0
DA:810,0
DA:811,0
DA:812,0
DA:814,0
DA:815,0
DA:817,0
DA:818,0
DA:819,0
DA:820,0
DA:821,0
DA:822,0
DA:824,0
DA:825,0
DA:827,0
DA:829,0
DA:834,0
DA:835,0
DA:836,0
DA:837,0
DA:838,0
DA:839,0
DA:841,0
DA:842,0
DA:843,0
DA:844,0
DA:849,0
DA:851,1
DA:852,1
DA:855,1
DA:858,1
DA:859,1
DA:861,0
DA:863,1
DA:864,1
DA:866,1
DA:870,1
DA:871,1
DA:875,1
DA:876,1
DA:879,1
DA:887,2
DA:888,2
DA:889,1
DA:890,1
DA:891,1
DA:893,0
DA:898,1
DA:900,1
DA:902,1
DA:903,2
DA:904,2
DA:905,2
DA:907,2
DA:908,2
DA:910,2
DA:911,2
DA:915,0
DA:916,1
DA:917,1
DA:918,1
DA:919,1
DA:920,1
DA:921,1
DA:928,2
DA:929,2
DA:930,2
DA:931,2
DA:935,1
DA:936,1
DA:937,1
DA:942,0
DA:946,2
DA:947,2
DA:948,2
DA:949,2
DA:950,2
DA:951,2
DA:955,4
DA:956,4
DA:957,1
DA:958,1
DA:964,0
DA:966,0
DA:967,0
DA:991,0
DA:992,0
DA:1014,0
DA:1015,0
DA:1083,1
DA:1085,2
DA:1086,2
DA:1087,2
DA:1088,2
DA:1090,2
DA:1092,2
DA:1093,4
DA:1094,4
DA:1121,1
DA:1123,3
DA:1125,3
DA:1127,1
DA:1128,0
DA:1129,0
DA:1130,0
DA:1135,0
DA:1136,0
DA:1142,0
DA:1145,0
DA:1156,1
DA:1157,1
DA:1161,1
DA:1162,1
DA:1166,1
DA:1168,1
DA:1169,1
DA:1171,1
DA:1173,1
DA:1174,3
DA:1175,3
DA:1177,1
DA:1182,0
DA:1185,0
DA:1186,0
DA:1188,1
DA:1190,1
DA:1191,1
DA:1192,1
DA:1196,1
DA:1197,1
DA:1200,1
DA:1201,1
DA:1207,1
DA:1210,1
DA:1211,1
DA:1213,1
DA:1215,0
DA:1216,0
DA:1217,0
DA:1221,0
DA:1222,0
DA:1225,0
DA:1226,0
DA:1232,1
DA:1233,1
DA:1234,1
DA:1238,1
DA:1239,1
DA:1240,1
DA:1244,1
DA:1245,1
DA:1246,1
DA:1250,1
DA:1251,1
DA:1252,1
DA:1256,0
DA:1258,0
DA:1259,0
DA:1261,0
DA:1262,0
DA:1263,0
DA:1265,0
DA:1266,0
DA:1268,0
DA:1271,0
DA:1272,0
DA:1275,0
DA:1276,0
DA:1277,0
DA:1280,0
DA:1281,0
DA:1282,0
DA:1283,0
DA:1288,0
DA:1289,0
DA:1291,0
DA:1292,0
DA:1298,0
DA:1300,0
DA:1302,0
DA:1303,0
DA:1305,0
DA:1308,0
DA:1310,0
DA:1317,0
DA:1318,0
DA:1319,0
DA:1320,0
DA:1321,0
DA:1323,0
DA:1324,0
DA:1325,0
DA:1326,0
DA:1330,0
DA:1332,0
DA:1333,0
DA:1336,0
DA:1339,0
DA:1340,0
DA:1342,0
DA:1344,0
DA:1345,1
DA:1347,1
DA:1351,2
DA:1352,2
DA:1356,2
DA:1357,2
DA:1360,1
DA:1385,1
DA:1386,1
DA:1387,1
DA:1389,1
DA:1390,1
DA:1391,1
DA:1392,0
DA:1393,0
DA:1394,1
DA:1395,0
DA:1397,0
DA:1399,0
DA:1405,0
DA:1406,0
DA:1408,0
DA:1413,1
DA:1417,1
DA:1450,3
DA:1451,2
DA:1452,2
DA:1453,2
DA:1457,1
DA:1458,1
DA:1459,1
DA:1460,1
DA:1464,1
DA:1465,1
DA:1466,1
DA:1470,0
DA:1471,0
DA:1476,1
DA:1480,0
DA:1481,0
DA:1482,0
DA:1484,0
DA:1485,0
DA:1487,0
DA:1488,0
DA:1489,0
DA:1496,1
DA:1518,0
DA:1520,0
DA:1521,0
DA:1522,0
DA:1523,0
DA:1524,0
DA:1525,0
DA:1526,0
DA:1527,0
DA:1528,0
DA:1529,0
DA:1531,0
DA:1532,0
DA:1539,0
DA:1540,0
DA:1541,0
DA:1542,0
DA:1543,0
DA:1544,0
DA:1545,0
DA:1550,0
DA:1551,0
DA:1552,0
DA:1557,0
DA:1558,0
DA:1559,0
DA:1564,0
DA:1565,0
DA:1566,0
DA:1570,0
DA:1571,0
DA:1572,0
DA:1576,0
DA:1577,0
DA:1578,0
DA:1582,0
DA:1583,0
DA:1584,0
DA:1588,0
DA:1589,0
DA:1590,0
DA:1594,0
DA:1595,0
DA:1596,0
DA:1600,0
DA:1601,0
DA:1602,0
DA:1606,0
DA:1607,0
DA:1608,0
DA:1609,0
DA:1610,0
DA:1614,0
DA:1615,0
DA:1616,0
DA:1617,0
DA:1621,0
DA:1622,0
DA:1623,0
DA:1627,0
DA:1628,0
DA:1629,0
DA:1633,0
DA:1634,0
DA:1638,0
DA:1639,0
DA:1643,0
DA:1644,0
DA:1648,0
DA:1649,0
DA:1653,0
DA:1654,0
DA:1655,0
DA:1656,0
DA:1660,0
DA:1662,0
DA:1664,0
DA:1668,0
DA:1670,0
DA:1671,0
DA:1672,0
DA:1673,0
DA:1674,0
DA:1675,0
DA:1678,0
DA:1683,0
DA:1689,0
DA:1693,0
DA:1697,0
DA:1701,0
DA:1706,0
DA:1708,0
DA:1712,0
DA:1713,0
DA:1714,0
DA:1715,0
DA:1716,0
DA:1717,0
DA:1719,0
DA:1723,0
DA:1724,0
DA:1725,0
DA:1726,0
DA:1727,0
DA:1728,0
DA:1729,0
DA:1732,0
DA:1737,0
DA:1742,0
DA:1746,0
DA:1750,0
DA:1754,0
DA:1758,0
DA:1762,0
DA:1766,0
DA:1770,0
DA:1778,0
DA:1779,0
DA:1780,0
DA:1784,0
DA:1788,0
DA:1792,0
DA:1796,0
DA:1800,0
DA:1804,0
DA:1808,0
DA:1812,0
DA:1816,0
LF:589
LH:257
BRDA:488,0,0,0
BRDA:488,0,1,2
BRDA:525,1,0,0
BRDA:525,1,1,0
BRDA:542,2,0,0
BRDA:542,2,1,0
BRDA:561,3,0,0
BRDA:561,3,1,0
BRDA:582,4,0,0
BRDA:582,4,1,0
BRDA:608,5,0,0
BRDA:608,5,1,0
BRDA:629,6,0,2
BRDA:629,6,1,0
BRDA:641,7,0,0
BRDA:641,7,1,2
BRDA:693,8,0,0
BRDA:693,8,1,0
BRDA:703,9,0,0
BRDA:703,9,1,0
BRDA:768,10,0,0
BRDA:768,10,1,0
BRDA:779,11,0,0
BRDA:779,11,1,0
BRDA:855,12,0,0
BRDA:855,12,1,0
BRDA:866,13,0,0
BRDA:866,13,1,0
BRDA:1121,14,0,0
BRDA:1121,14,1,0
BRDA:1142,15,0,0
BRDA:1142,15,1,0
BRDA:1145,16,0,0
BRDA:1145,16,1,0
BRDA:1182,17,0,0
BRDA:1182,17,1,0
BRDA:1192,18,0,0
BRDA:1192,18,1,0
BRDA:1207,19,0,0
BRDA:1207,19,1,0
BRDA:1217,20,0,0
BRDA:1217,20,1,0
BRDA:1268,21,0,0
BRDA:1268,21,1,0
BRDA:1271,22,0,0
BRDA:1271,22,1,0
BRDA:1275,23,0,0
BRDA:1275,23,1,0
BRDA:1302,24,0,0
BRDA:1302,24,1,0
BRDA:1336,25,0,0
BRDA:1336,25,1,0
BRDA:1347,26,0,0
BRDA:1347,26,1,0
BRF:54
BRH:3
end_of_record
